<?xml version="1.0" encoding="UTF-8"?>
<!-- Generated by org.testng.reporters.JUnitXMLReporter -->
<testsuite ignored="0" hostname="ZAYN" failures="0" tests="15" name="Test" time="137.297" errors="0" timestamp="2026-02-11T17:48:18 IST">
  <testcase classname="testCases.TC007_CartTotalCalculationTest" name="@BeforeMethod applicationLogin" time="1.915">
    <failure type="org.openqa.selenium.StaleElementReferenceException" message="stale element reference: stale element not found
  (Session info: chrome=144.0.7559.133)
For documentation on this error, please visit: https://www.selenium.dev/documentation/webdriver/troubleshooting/errors#staleelementreferenceexception
Build info: version: &amp;apos;4.38.0&amp;apos;, revision: &amp;apos;6b412e825c*&amp;apos;
System info: os.name: &amp;apos;Windows 11&amp;apos;, os.arch: &amp;apos;amd64&amp;apos;, os.version: &amp;apos;10.0&amp;apos;, java.version: &amp;apos;21.0.7&amp;apos;
Driver info: org.openqa.selenium.chrome.ChromeDriver
Command: [2fdee57b236c8b7b8b6c89742e204511, sendKeysToElement {value=[Ljava.lang.CharSequence;@7a31ca20, id=f.C3B210FC880E023B80118651FE8F48A7.d.4097F20683EEAEFEADA7D6801C65C2E3.e.62}]
Capabilities {acceptInsecureCerts: false, browserName: chrome, browserVersion: 144.0.7559.133, chrome: {chromedriverVersion: 144.0.7559.133 (7da823b1d59..., userDataDir: C:\Users\saura\AppData\Loca...}, fedcm:accounts: true, goog:chromeOptions: {debuggerAddress: localhost:52601}, goog:processID: 23932, networkConnectionEnabled: false, pageLoadStrategy: normal, platformName: windows, proxy: Proxy(), se:cdp: ws://localhost:52601/devtoo..., se:cdpVersion: 144.0.7559.133, setWindowRect: true, strictFileInteractability: false, timeouts: {implicit: 0, pageLoad: 300000, script: 30000}, unhandledPromptBehavior: dismiss and notify, webauthn:extension:credBlob: true, webauthn:extension:largeBlob: true, webauthn:extension:minPinLength: true, webauthn:extension:prf: true, webauthn:virtualAuthenticators: true}
Element: [[ChromeDriver: chrome on windows (2fdee57b236c8b7b8b6c89742e204511)] -&amp;gt; xpath: //input[@placeholder=&amp;apos;Search&amp;apos;]]
Session ID: 2fdee57b236c8b7b8b6c89742e204511">
      <![CDATA[org.openqa.selenium.StaleElementReferenceException: stale element reference: stale element not found
  (Session info: chrome=144.0.7559.133)
For documentation on this error, please visit: https://www.selenium.dev/documentation/webdriver/troubleshooting/errors#staleelementreferenceexception
Build info: version: '4.38.0', revision: '6b412e825c*'
System info: os.name: 'Windows 11', os.arch: 'amd64', os.version: '10.0', java.version: '21.0.7'
Driver info: org.openqa.selenium.chrome.ChromeDriver
Command: [2fdee57b236c8b7b8b6c89742e204511, sendKeysToElement {value=[Ljava.lang.CharSequence;@7a31ca20, id=f.C3B210FC880E023B80118651FE8F48A7.d.4097F20683EEAEFEADA7D6801C65C2E3.e.62}]
Capabilities {acceptInsecureCerts: false, browserName: chrome, browserVersion: 144.0.7559.133, chrome: {chromedriverVersion: 144.0.7559.133 (7da823b1d59..., userDataDir: C:\Users\saura\AppData\Loca...}, fedcm:accounts: true, goog:chromeOptions: {debuggerAddress: localhost:52601}, goog:processID: 23932, networkConnectionEnabled: false, pageLoadStrategy: normal, platformName: windows, proxy: Proxy(), se:cdp: ws://localhost:52601/devtoo..., se:cdpVersion: 144.0.7559.133, setWindowRect: true, strictFileInteractability: false, timeouts: {implicit: 0, pageLoad: 300000, script: 30000}, unhandledPromptBehavior: dismiss and notify, webauthn:extension:credBlob: true, webauthn:extension:largeBlob: true, webauthn:extension:minPinLength: true, webauthn:extension:prf: true, webauthn:virtualAuthenticators: true}
Element: [[ChromeDriver: chrome on windows (2fdee57b236c8b7b8b6c89742e204511)] -> xpath: //input[@placeholder='Search']]
Session ID: 2fdee57b236c8b7b8b6c89742e204511
at org.openqa.selenium.remote.ErrorCodec.decode(ErrorCodec.java:167)
at org.openqa.selenium.remote.codec.w3c.W3CHttpResponseCodec.decode(W3CHttpResponseCodec.java:138)
at org.openqa.selenium.remote.codec.w3c.W3CHttpResponseCodec.decode(W3CHttpResponseCodec.java:50)
at org.openqa.selenium.remote.HttpCommandExecutor.execute(HttpCommandExecutor.java:215)
at org.openqa.selenium.remote.service.DriverCommandExecutor.invokeExecute(DriverCommandExecutor.java:216)
at org.openqa.selenium.remote.service.DriverCommandExecutor.execute(DriverCommandExecutor.java:174)
at org.openqa.selenium.remote.RemoteWebDriver.execute(RemoteWebDriver.java:557)
at org.openqa.selenium.remote.RemoteWebElement.execute(RemoteWebElement.java:223)
at org.openqa.selenium.remote.RemoteWebElement.sendKeys(RemoteWebElement.java:110)
at org.openqa.selenium.support.pagefactory.internal.LocatingElementHandler.invoke(LocatingElementHandler.java:51)
at jdk.proxy2/jdk.proxy2.$Proxy33.sendKeys(Unknown Source)
at pageObjects.SearchProductPage.searchProduct(SearchProductPage.java:40)
at utilities.CommonFlows.searchProduct(CommonFlows.java:27)
at testCases.TC007_CartTotalCalculationTest.applicationLogin(TC007_CartTotalCalculationTest.java:16)
at java.base/java.util.ArrayList.forEach(ArrayList.java:1596)
... Removed 34 stack frames]]>
    </failure>
  </testcase> <!-- @BeforeMethod applicationLogin -->
  <testcase classname="testCases.TC007_CartTotalCalculationTest" name="@AfterMethod applicationTesrdown" time="0.0">
    <skipped/>
  </testcase> <!-- @AfterMethod applicationTesrdown -->
  <testcase classname="testBase.BaseClass" name="@AfterClass tearDown" time="0.0">
    <skipped/>
  </testcase> <!-- @AfterClass tearDown -->
  <testcase classname="testCases.TC010_AddProductToWishlistTest" name="@AfterMethod teardown" time="1.181">
    <failure type="org.openqa.selenium.ElementClickInterceptedException" message="element click intercepted: Element &amp;lt;a href=&amp;quot;https://tutorialsninja.com/demo/index.php?route=account/account&amp;quot; title=&amp;quot;My Account&amp;quot; class=&amp;quot;dropdown-toggle&amp;quot; data-toggle=&amp;quot;dropdown&amp;quot;&amp;gt;...&amp;lt;/a&amp;gt; is not clickable at point (858, 8). Other element would receive the click: &amp;lt;div id=&amp;quot;top-links&amp;quot; class=&amp;quot;nav pull-right&amp;quot;&amp;gt;...&amp;lt;/div&amp;gt;
  (Session info: chrome=144.0.7559.133)
Build info: version: &amp;apos;4.38.0&amp;apos;, revision: &amp;apos;6b412e825c*&amp;apos;
System info: os.name: &amp;apos;Windows 11&amp;apos;, os.arch: &amp;apos;amd64&amp;apos;, os.version: &amp;apos;10.0&amp;apos;, java.version: &amp;apos;21.0.7&amp;apos;
Driver info: org.openqa.selenium.chrome.ChromeDriver
Command: [446bbd5e18662e79234df1e74e91036d, clickElement {id=f.E06174C783374B6DD9B88CC10C8A9572.d.FE88799EDE81FD3E18EC552215F7E286.e.132}]
Capabilities {acceptInsecureCerts: false, browserName: chrome, browserVersion: 144.0.7559.133, chrome: {chromedriverVersion: 144.0.7559.133 (7da823b1d59..., userDataDir: C:\Users\saura\AppData\Loca...}, fedcm:accounts: true, goog:chromeOptions: {debuggerAddress: localhost:50170}, goog:processID: 7592, networkConnectionEnabled: false, pageLoadStrategy: normal, platformName: windows, proxy: Proxy(), se:cdp: ws://localhost:50170/devtoo..., se:cdpVersion: 144.0.7559.133, setWindowRect: true, strictFileInteractability: false, timeouts: {implicit: 0, pageLoad: 300000, script: 30000}, unhandledPromptBehavior: dismiss and notify, webauthn:extension:credBlob: true, webauthn:extension:largeBlob: true, webauthn:extension:minPinLength: true, webauthn:extension:prf: true, webauthn:virtualAuthenticators: true}
Element: [[ChromeDriver: chrome on windows (446bbd5e18662e79234df1e74e91036d)] -&amp;gt; xpath: //a[@title=&amp;apos;My Account&amp;apos;]]
Session ID: 446bbd5e18662e79234df1e74e91036d">
      <![CDATA[org.openqa.selenium.ElementClickInterceptedException: element click intercepted: Element <a href="https://tutorialsninja.com/demo/index.php?route=account/account" title="My Account" class="dropdown-toggle" data-toggle="dropdown">...</a> is not clickable at point (858, 8). Other element would receive the click: <div id="top-links" class="nav pull-right">...</div>
  (Session info: chrome=144.0.7559.133)
Build info: version: '4.38.0', revision: '6b412e825c*'
System info: os.name: 'Windows 11', os.arch: 'amd64', os.version: '10.0', java.version: '21.0.7'
Driver info: org.openqa.selenium.chrome.ChromeDriver
Command: [446bbd5e18662e79234df1e74e91036d, clickElement {id=f.E06174C783374B6DD9B88CC10C8A9572.d.FE88799EDE81FD3E18EC552215F7E286.e.132}]
Capabilities {acceptInsecureCerts: false, browserName: chrome, browserVersion: 144.0.7559.133, chrome: {chromedriverVersion: 144.0.7559.133 (7da823b1d59..., userDataDir: C:\Users\saura\AppData\Loca...}, fedcm:accounts: true, goog:chromeOptions: {debuggerAddress: localhost:50170}, goog:processID: 7592, networkConnectionEnabled: false, pageLoadStrategy: normal, platformName: windows, proxy: Proxy(), se:cdp: ws://localhost:50170/devtoo..., se:cdpVersion: 144.0.7559.133, setWindowRect: true, strictFileInteractability: false, timeouts: {implicit: 0, pageLoad: 300000, script: 30000}, unhandledPromptBehavior: dismiss and notify, webauthn:extension:credBlob: true, webauthn:extension:largeBlob: true, webauthn:extension:minPinLength: true, webauthn:extension:prf: true, webauthn:virtualAuthenticators: true}
Element: [[ChromeDriver: chrome on windows (446bbd5e18662e79234df1e74e91036d)] -> xpath: //a[@title='My Account']]
Session ID: 446bbd5e18662e79234df1e74e91036d
at org.openqa.selenium.remote.ErrorCodec.decode(ErrorCodec.java:167)
at org.openqa.selenium.remote.codec.w3c.W3CHttpResponseCodec.decode(W3CHttpResponseCodec.java:138)
at org.openqa.selenium.remote.codec.w3c.W3CHttpResponseCodec.decode(W3CHttpResponseCodec.java:50)
at org.openqa.selenium.remote.HttpCommandExecutor.execute(HttpCommandExecutor.java:215)
at org.openqa.selenium.remote.service.DriverCommandExecutor.invokeExecute(DriverCommandExecutor.java:216)
at org.openqa.selenium.remote.service.DriverCommandExecutor.execute(DriverCommandExecutor.java:174)
at org.openqa.selenium.remote.RemoteWebDriver.execute(RemoteWebDriver.java:557)
at org.openqa.selenium.remote.RemoteWebElement.execute(RemoteWebElement.java:223)
at org.openqa.selenium.remote.RemoteWebElement.click(RemoteWebElement.java:76)
at org.openqa.selenium.support.pagefactory.internal.LocatingElementHandler.invoke(LocatingElementHandler.java:51)
at jdk.proxy2/jdk.proxy2.$Proxy33.click(Unknown Source)
at pageObjects.HomePage.clickMyAccount(HomePage.java:25)
at utilities.CommonFlows.logout(CommonFlows.java:46)
at testCases.TC010_AddProductToWishlistTest.teardown(TC010_AddProductToWishlistTest.java:30)
at java.base/java.util.ArrayList.forEach(ArrayList.java:1596)
... Removed 35 stack frames]]>
    </failure>
  </testcase> <!-- @AfterMethod teardown -->
  <testcase classname="testBase.BaseClass" name="@AfterClass tearDown" time="0.0">
    <skipped/>
  </testcase> <!-- @AfterClass tearDown -->
  <testcase classname="testCases.TC001_AccountRegistrationTest" name="verify_account_registration" time="2.8"/>
  <testcase classname="testCases.TC002_LoginTest" name="verify_login" time="1.839"/>
  <testcase classname="testCases.TC004_SearchProductTest" name="verifySearchProductFunctionality" time="2.598"/>
  <testcase classname="testCases.TC005_AddToCartTest" name="verifyAddToCartFunctionality" time="3.406"/>
  <testcase classname="testCases.TC006_UpdateCartTest" name="verifyUpdateCartFunctionality" time="0.872"/>
  <testcase classname="testCases.TC007_CartTotalCalculationTest" name="verifyCartTotalCalculations" time="0.002">
    <skipped/>
  </testcase> <!-- verifyCartTotalCalculations -->
  <testcase classname="testCases.TC008_RemoveProductFromcartTest" name="verifyRemoveProductFromCartFunctionality" time="10.534"/>
  <testcase classname="testCases.TC009_EmptyCartTest" name="verifyEmptyCartyFunctionality" time="1.17"/>
  <testcase classname="testCases.TC010_AddProductToWishlistTest" name="verifyAddProductToWishlistFunctionality" time="0.308"/>
  <testcase classname="testCases.TC011_AddedProductValidationInWishlistTest" name="validateAddedProductInWishlist" time="0.868"/>
  <testcase classname="testCases.TC012_AddProductFromWishlistToCartTest" name="testAddProductToCartFromWishlistFunctionality" time="0.85"/>
  <testcase classname="testCases.TC013_RemoveProductFromMyWishlist" name="validateRemoveProductFromWishlistFunctionality" time="0.93"/>
  <testcase classname="testCases.TC014_EmptyWishlistTest" name="testEmptyCartFunctionality" time="0.326"/>
  <testcase classname="testCases.TC015_LogoutTest" name="testLogoutFunctionality" time="1.532"/>
  <testcase classname="testCases.TC016_CompareProductTest" name="testCompareProductfunctionality" time="0.485"/>
</testsuite> <!-- Test -->
