<?xml version="1.0" encoding="UTF-8"?>
<testsuite xmlns:xsi="http://www.w3.org/2001/XMLSchema-instance" xsi:noNamespaceSchemaLocation="https://maven.apache.org/surefire/maven-surefire-plugin/xsd/surefire-test-report.xsd" version="3.0.2" name="TestSuite" time="20.847" tests="2" errors="0" skipped="0" failures="0">
  <properties>
[...]
</properties>
  <testcase name="verify_account_registration" classname="testCases.TC001_AccountRegistrationTest" time="1.981">
    <system-err><![CDATA[SLF4J(W): No SLF4J providers were found.
SLF4J(W): Defaulting to no-operation (NOP) logger implementation
SLF4J(W): See https://www.slf4j.org/codes.html#noProviders for further details.
SLF4J(W): Class path contains SLF4J bindings targeting slf4j-api versions 1.7.x or earlier.
SLF4J(W): Ignoring binding found at [jar:file:/C:/Users/saura/.m2/repository/org/apache/logging/log4j/log4j-slf4j-impl/2.25.2/log4j-slf4j-impl-2.25.2.jar!/org/slf4j/impl/StaticLoggerBinder.class]
SLF4J(W): See https://www.slf4j.org/codes.html#ignoredBindings for an explanation.
2025-12-11T06:42:02.587074200Z main INFO Starting configuration XmlConfiguration[location=C:\Users\saura\eclipse-workspace\OpencartV121\target\test-classes\log4j2.xml, lastModified=2025-11-30T10:32:15.775Z]...
2025-12-11T06:42:02.588063600Z main INFO Configuration XmlConfiguration[location=C:\Users\saura\eclipse-workspace\OpencartV121\target\test-classes\log4j2.xml, lastModified=2025-11-30T10:32:15.775Z] started.
2025-12-11T06:42:02.589063500Z main INFO Stopping configuration org.apache.logging.log4j.core.config.DefaultConfiguration@2c532cd8...
2025-12-11T06:42:02.589063500Z main INFO Configuration org.apache.logging.log4j.core.config.DefaultConfiguration@2c532cd8 stopped.
Dec 11, 2025 12:12:12 PM org.openqa.selenium.devtools.CdpVersionFinder findNearestMatch
WARNING: Unable to find an exact match for CDP version 143, returning the closest version; found: 142; Please update to a Selenium version that supports CDP version 143
]]></system-err>
  </testcase>
  <testcase name="verify_login" classname="testCases.TC002_LoginTest" time="1.498">
    <system-err><![CDATA[Dec 11, 2025 12:12:17 PM org.openqa.selenium.devtools.CdpVersionFinder findNearestMatch
WARNING: Unable to find an exact match for CDP version 143, returning the closest version; found: 142; Please update to a Selenium version that supports CDP version 143
]]></system-err>
  </testcase>
</testsuite>