<?xml version="1.0" encoding="UTF-8"?>
<testng-results ignored="0" total="15" passed="14" failed="0" skipped="1">
  <reporter-output>
  </reporter-output>
  <suite started-at="2026-02-11T17:45:58 IST" name="Master Suite" finished-at="2026-02-11T17:48:15 IST" duration-ms="137297">
    <groups>
      <group name="Master">
        <method signature="TC001_AccountRegistrationTest.verify_account_registration()[pri:0, instance:testCases.TC001_AccountRegistrationTest@fa4c865]" name="verify_account_registration" class="testCases.TC001_AccountRegistrationTest"/>
        <method signature="TC002_LoginTest.verify_login()[pri:0, instance:testCases.TC002_LoginTest@5e5d171f]" name="verify_login" class="testCases.TC002_LoginTest"/>
      </group> <!-- Master -->
      <group name="Sanity">
        <method signature="TC006_UpdateCartTest.verifyUpdateCartFunctionality()[pri:0, instance:testCases.TC006_UpdateCartTest@77f1baf5]" name="verifyUpdateCartFunctionality" class="testCases.TC006_UpdateCartTest"/>
        <method signature="TC008_RemoveProductFromcartTest.verifyRemoveProductFromCartFunctionality()[pri:0, instance:testCases.TC008_RemoveProductFromcartTest@7bedc48a]" name="verifyRemoveProductFromCartFunctionality" class="testCases.TC008_RemoveProductFromcartTest"/>
        <method signature="TC010_AddProductToWishlistTest.verifyAddProductToWishlistFunctionality()[pri:0, instance:testCases.TC010_AddProductToWishlistTest@55b0dcab]" name="verifyAddProductToWishlistFunctionality" class="testCases.TC010_AddProductToWishlistTest"/>
        <method signature="TC012_AddProductFromWishlistToCartTest.testAddProductToCartFromWishlistFunctionality()[pri:0, instance:testCases.TC012_AddProductFromWishlistToCartTest@2df3b89c]" name="testAddProductToCartFromWishlistFunctionality" class="testCases.TC012_AddProductFromWishlistToCartTest"/>
        <method signature="TC013_RemoveProductFromMyWishlist.validateRemoveProductFromWishlistFunctionality()[pri:0, instance:testCases.TC013_RemoveProductFromMyWishlist@23348b5d]" name="validateRemoveProductFromWishlistFunctionality" class="testCases.TC013_RemoveProductFromMyWishlist"/>
      </group> <!-- Sanity -->
      <group name="Regression">
        <method signature="TC001_AccountRegistrationTest.verify_account_registration()[pri:0, instance:testCases.TC001_AccountRegistrationTest@fa4c865]" name="verify_account_registration" class="testCases.TC001_AccountRegistrationTest"/>
        <method signature="TC002_LoginTest.verify_login()[pri:0, instance:testCases.TC002_LoginTest@5e5d171f]" name="verify_login" class="testCases.TC002_LoginTest"/>
        <method signature="TC004_SearchProductTest.verifySearchProductFunctionality()[pri:0, instance:testCases.TC004_SearchProductTest@24313fcc]" name="verifySearchProductFunctionality" class="testCases.TC004_SearchProductTest"/>
        <method signature="TC005_AddToCartTest.verifyAddToCartFunctionality()[pri:0, instance:testCases.TC005_AddToCartTest@7d20d0b]" name="verifyAddToCartFunctionality" class="testCases.TC005_AddToCartTest"/>
        <method signature="TC006_UpdateCartTest.verifyUpdateCartFunctionality()[pri:0, instance:testCases.TC006_UpdateCartTest@77f1baf5]" name="verifyUpdateCartFunctionality" class="testCases.TC006_UpdateCartTest"/>
        <method signature="TC007_CartTotalCalculationTest.verifyCartTotalCalculations()[pri:0, instance:testCases.TC007_CartTotalCalculationTest@41a2befb]" name="verifyCartTotalCalculations" class="testCases.TC007_CartTotalCalculationTest"/>
        <method signature="TC008_RemoveProductFromcartTest.verifyRemoveProductFromCartFunctionality()[pri:0, instance:testCases.TC008_RemoveProductFromcartTest@7bedc48a]" name="verifyRemoveProductFromCartFunctionality" class="testCases.TC008_RemoveProductFromcartTest"/>
        <method signature="TC009_EmptyCartTest.verifyEmptyCartyFunctionality()[pri:0, instance:testCases.TC009_EmptyCartTest@131ef10]" name="verifyEmptyCartyFunctionality" class="testCases.TC009_EmptyCartTest"/>
        <method signature="TC010_AddProductToWishlistTest.verifyAddProductToWishlistFunctionality()[pri:0, instance:testCases.TC010_AddProductToWishlistTest@55b0dcab]" name="verifyAddProductToWishlistFunctionality" class="testCases.TC010_AddProductToWishlistTest"/>
        <method signature="TC011_AddedProductValidationInWishlistTest.validateAddedProductInWishlist()[pri:0, instance:testCases.TC011_AddedProductValidationInWishlistTest@38afe297]" name="validateAddedProductInWishlist" class="testCases.TC011_AddedProductValidationInWishlistTest"/>
        <method signature="TC012_AddProductFromWishlistToCartTest.testAddProductToCartFromWishlistFunctionality()[pri:0, instance:testCases.TC012_AddProductFromWishlistToCartTest@2df3b89c]" name="testAddProductToCartFromWishlistFunctionality" class="testCases.TC012_AddProductFromWishlistToCartTest"/>
        <method signature="TC013_RemoveProductFromMyWishlist.validateRemoveProductFromWishlistFunctionality()[pri:0, instance:testCases.TC013_RemoveProductFromMyWishlist@23348b5d]" name="validateRemoveProductFromWishlistFunctionality" class="testCases.TC013_RemoveProductFromMyWishlist"/>
        <method signature="TC014_EmptyWishlistTest.testEmptyCartFunctionality()[pri:0, instance:testCases.TC014_EmptyWishlistTest@70325e14]" name="testEmptyCartFunctionality" class="testCases.TC014_EmptyWishlistTest"/>
        <method signature="TC015_LogoutTest.testLogoutFunctionality()[pri:0, instance:testCases.TC015_LogoutTest@37ceb1df]" name="testLogoutFunctionality" class="testCases.TC015_LogoutTest"/>
        <method signature="TC016_CompareProductTest.testCompareProductfunctionality()[pri:0, instance:testCases.TC016_CompareProductTest@7c9d8e2]" name="testCompareProductfunctionality" class="testCases.TC016_CompareProductTest"/>
      </group> <!-- Regression -->
      <group name="Smoke">
        <method signature="TC001_AccountRegistrationTest.verify_account_registration()[pri:0, instance:testCases.TC001_AccountRegistrationTest@fa4c865]" name="verify_account_registration" class="testCases.TC001_AccountRegistrationTest"/>
        <method signature="TC002_LoginTest.verify_login()[pri:0, instance:testCases.TC002_LoginTest@5e5d171f]" name="verify_login" class="testCases.TC002_LoginTest"/>
        <method signature="TC004_SearchProductTest.verifySearchProductFunctionality()[pri:0, instance:testCases.TC004_SearchProductTest@24313fcc]" name="verifySearchProductFunctionality" class="testCases.TC004_SearchProductTest"/>
        <method signature="TC005_AddToCartTest.verifyAddToCartFunctionality()[pri:0, instance:testCases.TC005_AddToCartTest@7d20d0b]" name="verifyAddToCartFunctionality" class="testCases.TC005_AddToCartTest"/>
        <method signature="TC007_CartTotalCalculationTest.verifyCartTotalCalculations()[pri:0, instance:testCases.TC007_CartTotalCalculationTest@41a2befb]" name="verifyCartTotalCalculations" class="testCases.TC007_CartTotalCalculationTest"/>
        <method signature="TC015_LogoutTest.testLogoutFunctionality()[pri:0, instance:testCases.TC015_LogoutTest@37ceb1df]" name="testLogoutFunctionality" class="testCases.TC015_LogoutTest"/>
      </group> <!-- Smoke -->
    </groups>
    <test started-at="2026-02-11T17:45:58 IST" name="Test" finished-at="2026-02-11T17:48:15 IST" duration-ms="137297">
      <class name="testCases.TC004_SearchProductTest">
        <test-method is-config="true" signature="setup(java.lang.String,java.lang.String)[pri:0, instance:testCases.TC004_SearchProductTest@24313fcc]" started-at="2026-02-11T17:46:10 IST" name="setup" finished-at="2026-02-11T17:46:12 IST" duration-ms="1732" status="PASS">
          <params>
            <param index="0">
              <value>
                <![CDATA[Windows]]>
              </value>
            </param>
            <param index="1">
              <value>
                <![CDATA[Chrome]]>
              </value>
            </param>
          </params>
          <reporter-output>
          </reporter-output>
        </test-method> <!-- setup -->
        <test-method is-config="true" signature="applicationlogin()[pri:0, instance:testCases.TC004_SearchProductTest@24313fcc]" started-at="2026-02-11T17:46:12 IST" name="applicationlogin" finished-at="2026-02-11T17:46:13 IST" duration-ms="1047" status="PASS">
          <reporter-output>
          </reporter-output>
        </test-method> <!-- applicationlogin -->
        <test-method signature="verifySearchProductFunctionality()[pri:0, instance:testCases.TC004_SearchProductTest@24313fcc]" started-at="2026-02-11T17:46:13 IST" name="verifySearchProductFunctionality" finished-at="2026-02-11T17:46:15 IST" duration-ms="2598" status="PASS">
          <reporter-output>
          </reporter-output>
        </test-method> <!-- verifySearchProductFunctionality -->
        <test-method is-config="true" signature="applicationLogout()[pri:0, instance:testCases.TC004_SearchProductTest@24313fcc]" started-at="2026-02-11T17:46:15 IST" name="applicationLogout" finished-at="2026-02-11T17:46:16 IST" duration-ms="663" status="PASS">
          <reporter-output>
          </reporter-output>
        </test-method> <!-- applicationLogout -->
        <test-method is-config="true" signature="tearDown()[pri:0, instance:testCases.TC004_SearchProductTest@24313fcc]" started-at="2026-02-11T17:46:16 IST" name="tearDown" finished-at="2026-02-11T17:46:16 IST" duration-ms="505" status="PASS">
          <reporter-output>
          </reporter-output>
        </test-method> <!-- tearDown -->
      </class> <!-- testCases.TC004_SearchProductTest -->
      <class name="testCases.TC008_RemoveProductFromcartTest">
        <test-method is-config="true" signature="setup(java.lang.String,java.lang.String)[pri:0, instance:testCases.TC008_RemoveProductFromcartTest@7bedc48a]" started-at="2026-02-11T17:46:49 IST" name="setup" finished-at="2026-02-11T17:46:51 IST" duration-ms="2246" status="PASS">
          <params>
            <param index="0">
              <value>
                <![CDATA[Windows]]>
              </value>
            </param>
            <param index="1">
              <value>
                <![CDATA[Chrome]]>
              </value>
            </param>
          </params>
          <reporter-output>
          </reporter-output>
        </test-method> <!-- setup -->
        <test-method is-config="true" signature="setup()[pri:0, instance:testCases.TC008_RemoveProductFromcartTest@7bedc48a]" started-at="2026-02-11T17:46:51 IST" name="setup" finished-at="2026-02-11T17:46:55 IST" duration-ms="4309" status="PASS">
          <reporter-output>
          </reporter-output>
        </test-method> <!-- setup -->
        <test-method signature="verifyRemoveProductFromCartFunctionality()[pri:0, instance:testCases.TC008_RemoveProductFromcartTest@7bedc48a]" started-at="2026-02-11T17:46:55 IST" name="verifyRemoveProductFromCartFunctionality" finished-at="2026-02-11T17:47:06 IST" duration-ms="10534" status="PASS">
          <reporter-output>
          </reporter-output>
        </test-method> <!-- verifyRemoveProductFromCartFunctionality -->
        <test-method is-config="true" signature="teardown()[pri:0, instance:testCases.TC008_RemoveProductFromcartTest@7bedc48a]" started-at="2026-02-11T17:47:06 IST" name="teardown" finished-at="2026-02-11T17:47:06 IST" duration-ms="549" status="PASS">
          <reporter-output>
          </reporter-output>
        </test-method> <!-- teardown -->
        <test-method is-config="true" signature="tearDown()[pri:0, instance:testCases.TC008_RemoveProductFromcartTest@7bedc48a]" started-at="2026-02-11T17:47:06 IST" name="tearDown" finished-at="2026-02-11T17:47:07 IST" duration-ms="738" status="PASS">
          <reporter-output>
          </reporter-output>
        </test-method> <!-- tearDown -->
      </class> <!-- testCases.TC008_RemoveProductFromcartTest -->
      <class name="testCases.TC002_LoginTest">
        <test-method is-config="true" signature="setup(java.lang.String,java.lang.String)[pri:0, instance:testCases.TC002_LoginTest@5e5d171f]" started-at="2026-02-11T17:46:06 IST" name="setup" finished-at="2026-02-11T17:46:07 IST" duration-ms="1690" status="PASS">
          <params>
            <param index="0">
              <value>
                <![CDATA[Windows]]>
              </value>
            </param>
            <param index="1">
              <value>
                <![CDATA[Chrome]]>
              </value>
            </param>
          </params>
          <reporter-output>
          </reporter-output>
        </test-method> <!-- setup -->
        <test-method signature="verify_login()[pri:0, instance:testCases.TC002_LoginTest@5e5d171f]" started-at="2026-02-11T17:46:07 IST" name="verify_login" finished-at="2026-02-11T17:46:09 IST" duration-ms="1839" status="PASS">
          <reporter-output>
          </reporter-output>
        </test-method> <!-- verify_login -->
        <test-method is-config="true" signature="tearDown()[pri:0, instance:testCases.TC002_LoginTest@5e5d171f]" started-at="2026-02-11T17:46:09 IST" name="tearDown" finished-at="2026-02-11T17:46:10 IST" duration-ms="574" status="PASS">
          <reporter-output>
          </reporter-output>
        </test-method> <!-- tearDown -->
      </class> <!-- testCases.TC002_LoginTest -->
      <class name="testCases.TC015_LogoutTest">
        <test-method is-config="true" signature="setup(java.lang.String,java.lang.String)[pri:0, instance:testCases.TC015_LogoutTest@37ceb1df]" started-at="2026-02-11T17:48:02 IST" name="setup" finished-at="2026-02-11T17:48:06 IST" duration-ms="3456" status="PASS">
          <params>
            <param index="0">
              <value>
                <![CDATA[Windows]]>
              </value>
            </param>
            <param index="1">
              <value>
                <![CDATA[Chrome]]>
              </value>
            </param>
          </params>
          <reporter-output>
          </reporter-output>
        </test-method> <!-- setup -->
        <test-method is-config="true" signature="setup()[pri:0, instance:testCases.TC015_LogoutTest@37ceb1df]" started-at="2026-02-11T17:48:06 IST" name="setup" finished-at="2026-02-11T17:48:07 IST" duration-ms="861" status="PASS">
          <reporter-output>
          </reporter-output>
        </test-method> <!-- setup -->
        <test-method signature="testLogoutFunctionality()[pri:0, instance:testCases.TC015_LogoutTest@37ceb1df]" started-at="2026-02-11T17:48:07 IST" name="testLogoutFunctionality" finished-at="2026-02-11T17:48:08 IST" duration-ms="1532" status="PASS">
          <reporter-output>
          </reporter-output>
        </test-method> <!-- testLogoutFunctionality -->
        <test-method is-config="true" signature="tearDown()[pri:0, instance:testCases.TC015_LogoutTest@37ceb1df]" started-at="2026-02-11T17:48:08 IST" name="tearDown" finished-at="2026-02-11T17:48:09 IST" duration-ms="568" status="PASS">
          <reporter-output>
          </reporter-output>
        </test-method> <!-- tearDown -->
      </class> <!-- testCases.TC015_LogoutTest -->
      <class name="testCases.TC014_EmptyWishlistTest">
        <test-method is-config="true" signature="setup(java.lang.String,java.lang.String)[pri:0, instance:testCases.TC014_EmptyWishlistTest@70325e14]" started-at="2026-02-11T17:47:57 IST" name="setup" finished-at="2026-02-11T17:47:59 IST" duration-ms="2129" status="PASS">
          <params>
            <param index="0">
              <value>
                <![CDATA[Windows]]>
              </value>
            </param>
            <param index="1">
              <value>
                <![CDATA[Chrome]]>
              </value>
            </param>
          </params>
          <reporter-output>
          </reporter-output>
        </test-method> <!-- setup -->
        <test-method is-config="true" signature="setUp()[pri:0, instance:testCases.TC014_EmptyWishlistTest@70325e14]" started-at="2026-02-11T17:47:59 IST" name="setUp" finished-at="2026-02-11T17:48:01 IST" duration-ms="1763" status="PASS">
          <reporter-output>
          </reporter-output>
        </test-method> <!-- setUp -->
        <test-method signature="testEmptyCartFunctionality()[pri:0, instance:testCases.TC014_EmptyWishlistTest@70325e14]" started-at="2026-02-11T17:48:01 IST" name="testEmptyCartFunctionality" finished-at="2026-02-11T17:48:01 IST" duration-ms="326" status="PASS">
          <reporter-output>
          </reporter-output>
        </test-method> <!-- testEmptyCartFunctionality -->
        <test-method is-config="true" signature="teardown()[pri:0, instance:testCases.TC014_EmptyWishlistTest@70325e14]" started-at="2026-02-11T17:48:01 IST" name="teardown" finished-at="2026-02-11T17:48:02 IST" duration-ms="528" status="PASS">
          <reporter-output>
          </reporter-output>
        </test-method> <!-- teardown -->
        <test-method is-config="true" signature="tearDown()[pri:0, instance:testCases.TC014_EmptyWishlistTest@70325e14]" started-at="2026-02-11T17:48:02 IST" name="tearDown" finished-at="2026-02-11T17:48:02 IST" duration-ms="580" status="PASS">
          <reporter-output>
          </reporter-output>
        </test-method> <!-- tearDown -->
      </class> <!-- testCases.TC014_EmptyWishlistTest -->
      <class name="testCases.TC010_AddProductToWishlistTest">
        <test-method is-config="true" signature="setup(java.lang.String,java.lang.String)[pri:0, instance:testCases.TC010_AddProductToWishlistTest@55b0dcab]" started-at="2026-02-11T17:47:13 IST" name="setup" finished-at="2026-02-11T17:47:15 IST" duration-ms="2244" status="PASS">
          <params>
            <param index="0">
              <value>
                <![CDATA[Windows]]>
              </value>
            </param>
            <param index="1">
              <value>
                <![CDATA[Chrome]]>
              </value>
            </param>
          </params>
          <reporter-output>
          </reporter-output>
        </test-method> <!-- setup -->
        <test-method is-config="true" signature="setup()[pri:0, instance:testCases.TC010_AddProductToWishlistTest@55b0dcab]" started-at="2026-02-11T17:47:15 IST" name="setup" finished-at="2026-02-11T17:47:19 IST" duration-ms="3959" status="PASS">
          <reporter-output>
          </reporter-output>
        </test-method> <!-- setup -->
        <test-method signature="verifyAddProductToWishlistFunctionality()[pri:0, instance:testCases.TC010_AddProductToWishlistTest@55b0dcab]" started-at="2026-02-11T17:47:19 IST" name="verifyAddProductToWishlistFunctionality" finished-at="2026-02-11T17:47:20 IST" duration-ms="308" status="PASS">
          <reporter-output>
          </reporter-output>
        </test-method> <!-- verifyAddProductToWishlistFunctionality -->
        <test-method is-config="true" signature="teardown()[pri:0, instance:testCases.TC010_AddProductToWishlistTest@55b0dcab]" started-at="2026-02-11T17:47:20 IST" name="teardown" finished-at="2026-02-11T17:47:21 IST" duration-ms="1181" status="FAIL">
          <exception class="org.openqa.selenium.ElementClickInterceptedException">
            <message>
              <![CDATA[element click intercepted: Element <a href="https://tutorialsninja.com/demo/index.php?route=account/account" title="My Account" class="dropdown-toggle" data-toggle="dropdown">...</a> is not clickable at point (858, 8). Other element would receive the click: <div id="top-links" class="nav pull-right">...</div>
  (Session info: chrome=144.0.7559.133)
Build info: version: '4.38.0', revision: '6b412e825c*'
System info: os.name: 'Windows 11', os.arch: 'amd64', os.version: '10.0', java.version: '21.0.7'
Driver info: org.openqa.selenium.chrome.ChromeDriver
Command: [446bbd5e18662e79234df1e74e91036d, clickElement {id=f.E06174C783374B6DD9B88CC10C8A9572.d.FE88799EDE81FD3E18EC552215F7E286.e.132}]
Capabilities {acceptInsecureCerts: false, browserName: chrome, browserVersion: 144.0.7559.133, chrome: {chromedriverVersion: 144.0.7559.133 (7da823b1d59..., userDataDir: C:\Users\saura\AppData\Loca...}, fedcm:accounts: true, goog:chromeOptions: {debuggerAddress: localhost:50170}, goog:processID: 7592, networkConnectionEnabled: false, pageLoadStrategy: normal, platformName: windows, proxy: Proxy(), se:cdp: ws://localhost:50170/devtoo..., se:cdpVersion: 144.0.7559.133, setWindowRect: true, strictFileInteractability: false, timeouts: {implicit: 0, pageLoad: 300000, script: 30000}, unhandledPromptBehavior: dismiss and notify, webauthn:extension:credBlob: true, webauthn:extension:largeBlob: true, webauthn:extension:minPinLength: true, webauthn:extension:prf: true, webauthn:virtualAuthenticators: true}
Element: [[ChromeDriver: chrome on windows (446bbd5e18662e79234df1e74e91036d)] -> xpath: //a[@title='My Account']]
Session ID: 446bbd5e18662e79234df1e74e91036d]]>
            </message>
            <full-stacktrace>
              <![CDATA[org.openqa.selenium.ElementClickInterceptedException: element click intercepted: Element <a href="https://tutorialsninja.com/demo/index.php?route=account/account" title="My Account" class="dropdown-toggle" data-toggle="dropdown">...</a> is not clickable at point (858, 8). Other element would receive the click: <div id="top-links" class="nav pull-right">...</div>
  (Session info: chrome=144.0.7559.133)
Build info: version: '4.38.0', revision: '6b412e825c*'
System info: os.name: 'Windows 11', os.arch: 'amd64', os.version: '10.0', java.version: '21.0.7'
Driver info: org.openqa.selenium.chrome.ChromeDriver
Command: [446bbd5e18662e79234df1e74e91036d, clickElement {id=f.E06174C783374B6DD9B88CC10C8A9572.d.FE88799EDE81FD3E18EC552215F7E286.e.132}]
Capabilities {acceptInsecureCerts: false, browserName: chrome, browserVersion: 144.0.7559.133, chrome: {chromedriverVersion: 144.0.7559.133 (7da823b1d59..., userDataDir: C:\Users\saura\AppData\Loca...}, fedcm:accounts: true, goog:chromeOptions: {debuggerAddress: localhost:50170}, goog:processID: 7592, networkConnectionEnabled: false, pageLoadStrategy: normal, platformName: windows, proxy: Proxy(), se:cdp: ws://localhost:50170/devtoo..., se:cdpVersion: 144.0.7559.133, setWindowRect: true, strictFileInteractability: false, timeouts: {implicit: 0, pageLoad: 300000, script: 30000}, unhandledPromptBehavior: dismiss and notify, webauthn:extension:credBlob: true, webauthn:extension:largeBlob: true, webauthn:extension:minPinLength: true, webauthn:extension:prf: true, webauthn:virtualAuthenticators: true}
Element: [[ChromeDriver: chrome on windows (446bbd5e18662e79234df1e74e91036d)] -> xpath: //a[@title='My Account']]
Session ID: 446bbd5e18662e79234df1e74e91036d
at java.base/jdk.internal.reflect.DirectConstructorHandleAccessor.newInstance(DirectConstructorHandleAccessor.java:62)
at java.base/java.lang.reflect.Constructor.newInstanceWithCaller(Constructor.java:502)
at java.base/java.lang.reflect.Constructor.newInstance(Constructor.java:486)
at org.openqa.selenium.remote.ErrorCodec.decode(ErrorCodec.java:167)
at org.openqa.selenium.remote.codec.w3c.W3CHttpResponseCodec.decode(W3CHttpResponseCodec.java:138)
at org.openqa.selenium.remote.codec.w3c.W3CHttpResponseCodec.decode(W3CHttpResponseCodec.java:50)
at org.openqa.selenium.remote.HttpCommandExecutor.execute(HttpCommandExecutor.java:215)
at org.openqa.selenium.remote.service.DriverCommandExecutor.invokeExecute(DriverCommandExecutor.java:216)
at org.openqa.selenium.remote.service.DriverCommandExecutor.execute(DriverCommandExecutor.java:174)
at org.openqa.selenium.remote.RemoteWebDriver.execute(RemoteWebDriver.java:557)
at org.openqa.selenium.remote.RemoteWebElement.execute(RemoteWebElement.java:223)
at org.openqa.selenium.remote.RemoteWebElement.click(RemoteWebElement.java:76)
at java.base/jdk.internal.reflect.DirectMethodHandleAccessor.invoke(DirectMethodHandleAccessor.java:103)
at java.base/java.lang.reflect.Method.invoke(Method.java:580)
at org.openqa.selenium.support.pagefactory.internal.LocatingElementHandler.invoke(LocatingElementHandler.java:51)
at jdk.proxy2/jdk.proxy2.$Proxy33.click(Unknown Source)
at pageObjects.HomePage.clickMyAccount(HomePage.java:25)
at utilities.CommonFlows.logout(CommonFlows.java:46)
at testCases.TC010_AddProductToWishlistTest.teardown(TC010_AddProductToWishlistTest.java:30)
at java.base/jdk.internal.reflect.DirectMethodHandleAccessor.invoke(DirectMethodHandleAccessor.java:103)
at java.base/java.lang.reflect.Method.invoke(Method.java:580)
at org.testng.internal.invokers.MethodInvocationHelper.invokeMethod(MethodInvocationHelper.java:141)
at org.testng.internal.invokers.MethodInvocationHelper.invokeMethodConsideringTimeout(MethodInvocationHelper.java:71)
at org.testng.internal.invokers.ConfigInvoker.invokeConfigurationMethod(ConfigInvoker.java:400)
at org.testng.internal.invokers.ConfigInvoker.invokeConfigurations(ConfigInvoker.java:333)
at org.testng.internal.invokers.TestInvoker.runConfigMethods(TestInvoker.java:836)
at org.testng.internal.invokers.TestInvoker.runAfterConfigurations(TestInvoker.java:805)
at org.testng.internal.invokers.TestInvoker.invokeMethod(TestInvoker.java:781)
at org.testng.internal.invokers.TestInvoker.invokeTestMethod(TestInvoker.java:230)
at org.testng.internal.invokers.MethodRunner.runInSequence(MethodRunner.java:63)
at org.testng.internal.invokers.TestInvoker$MethodInvocationAgent.invoke(TestInvoker.java:995)
at org.testng.internal.invokers.TestInvoker.invokeTestMethods(TestInvoker.java:203)
at org.testng.internal.invokers.TestMethodWorker.invokeTestMethods(TestMethodWorker.java:154)
at org.testng.internal.invokers.TestMethodWorker.run(TestMethodWorker.java:134)
at java.base/java.util.ArrayList.forEach(ArrayList.java:1596)
at org.testng.TestRunner.privateRun(TestRunner.java:741)
at org.testng.TestRunner.run(TestRunner.java:616)
at org.testng.SuiteRunner.runTest(SuiteRunner.java:421)
at org.testng.SuiteRunner.runSequentially(SuiteRunner.java:413)
at org.testng.SuiteRunner.privateRun(SuiteRunner.java:373)
at org.testng.SuiteRunner.run(SuiteRunner.java:312)
at org.testng.SuiteRunnerWorker.runSuite(SuiteRunnerWorker.java:52)
at org.testng.SuiteRunnerWorker.run(SuiteRunnerWorker.java:95)
at org.testng.TestNG.runSuitesSequentially(TestNG.java:1274)
at org.testng.TestNG.runSuitesLocally(TestNG.java:1208)
at org.testng.TestNG.runSuites(TestNG.java:1112)
at org.testng.TestNG.run(TestNG.java:1079)
at org.testng.remote.AbstractRemoteTestNG.run(AbstractRemoteTestNG.java:115)
at org.testng.remote.RemoteTestNG.initAndRun(RemoteTestNG.java:293)
at org.testng.remote.RemoteTestNG.main(RemoteTestNG.java:91)
]]>
            </full-stacktrace>
          </exception> <!-- org.openqa.selenium.ElementClickInterceptedException -->
          <reporter-output>
          </reporter-output>
        </test-method> <!-- teardown -->
        <test-method is-config="true" signature="tearDown()[pri:0, instance:testCases.TC010_AddProductToWishlistTest@55b0dcab]" started-at="2026-02-11T17:47:21 IST" name="tearDown" finished-at="2026-02-11T17:47:21 IST" duration-ms="0" status="SKIP">
          <reporter-output>
          </reporter-output>
        </test-method> <!-- tearDown -->
      </class> <!-- testCases.TC010_AddProductToWishlistTest -->
      <class name="testCases.TC013_RemoveProductFromMyWishlist">
        <test-method is-config="true" signature="setup(java.lang.String,java.lang.String)[pri:0, instance:testCases.TC013_RemoveProductFromMyWishlist@23348b5d]" started-at="2026-02-11T17:47:49 IST" name="setup" finished-at="2026-02-11T17:47:51 IST" duration-ms="2050" status="PASS">
          <params>
            <param index="0">
              <value>
                <![CDATA[Windows]]>
              </value>
            </param>
            <param index="1">
              <value>
                <![CDATA[Chrome]]>
              </value>
            </param>
          </params>
          <reporter-output>
          </reporter-output>
        </test-method> <!-- setup -->
        <test-method is-config="true" signature="setup()[pri:0, instance:testCases.TC013_RemoveProductFromMyWishlist@23348b5d]" started-at="2026-02-11T17:47:51 IST" name="setup" finished-at="2026-02-11T17:47:55 IST" duration-ms="3428" status="PASS">
          <reporter-output>
          </reporter-output>
        </test-method> <!-- setup -->
        <test-method signature="validateRemoveProductFromWishlistFunctionality()[pri:0, instance:testCases.TC013_RemoveProductFromMyWishlist@23348b5d]" started-at="2026-02-11T17:47:55 IST" name="validateRemoveProductFromWishlistFunctionality" finished-at="2026-02-11T17:47:55 IST" duration-ms="930" status="PASS">
          <reporter-output>
          </reporter-output>
        </test-method> <!-- validateRemoveProductFromWishlistFunctionality -->
        <test-method is-config="true" signature="teardown()[pri:0, instance:testCases.TC013_RemoveProductFromMyWishlist@23348b5d]" started-at="2026-02-11T17:47:55 IST" name="teardown" finished-at="2026-02-11T17:47:56 IST" duration-ms="699" status="PASS">
          <reporter-output>
          </reporter-output>
        </test-method> <!-- teardown -->
        <test-method is-config="true" signature="tearDown()[pri:0, instance:testCases.TC013_RemoveProductFromMyWishlist@23348b5d]" started-at="2026-02-11T17:47:56 IST" name="tearDown" finished-at="2026-02-11T17:47:57 IST" duration-ms="687" status="PASS">
          <reporter-output>
          </reporter-output>
        </test-method> <!-- tearDown -->
      </class> <!-- testCases.TC013_RemoveProductFromMyWishlist -->
      <class name="testCases.TC007_CartTotalCalculationTest">
        <test-method is-config="true" signature="setup(java.lang.String,java.lang.String)[pri:0, instance:testCases.TC007_CartTotalCalculationTest@41a2befb]" started-at="2026-02-11T17:46:44 IST" name="setup" finished-at="2026-02-11T17:46:47 IST" duration-ms="2722" status="PASS">
          <params>
            <param index="0">
              <value>
                <![CDATA[Windows]]>
              </value>
            </param>
            <param index="1">
              <value>
                <![CDATA[Chrome]]>
              </value>
            </param>
          </params>
          <reporter-output>
          </reporter-output>
        </test-method> <!-- setup -->
        <test-method is-config="true" signature="applicationLogin()[pri:0, instance:testCases.TC007_CartTotalCalculationTest@41a2befb]" started-at="2026-02-11T17:46:47 IST" name="applicationLogin" finished-at="2026-02-11T17:46:49 IST" duration-ms="1915" status="FAIL">
          <exception class="org.openqa.selenium.StaleElementReferenceException">
            <message>
              <![CDATA[stale element reference: stale element not found
  (Session info: chrome=144.0.7559.133)
For documentation on this error, please visit: https://www.selenium.dev/documentation/webdriver/troubleshooting/errors#staleelementreferenceexception
Build info: version: '4.38.0', revision: '6b412e825c*'
System info: os.name: 'Windows 11', os.arch: 'amd64', os.version: '10.0', java.version: '21.0.7'
Driver info: org.openqa.selenium.chrome.ChromeDriver
Command: [2fdee57b236c8b7b8b6c89742e204511, sendKeysToElement {value=[Ljava.lang.CharSequence;@7a31ca20, id=f.C3B210FC880E023B80118651FE8F48A7.d.4097F20683EEAEFEADA7D6801C65C2E3.e.62}]
Capabilities {acceptInsecureCerts: false, browserName: chrome, browserVersion: 144.0.7559.133, chrome: {chromedriverVersion: 144.0.7559.133 (7da823b1d59..., userDataDir: C:\Users\saura\AppData\Loca...}, fedcm:accounts: true, goog:chromeOptions: {debuggerAddress: localhost:52601}, goog:processID: 23932, networkConnectionEnabled: false, pageLoadStrategy: normal, platformName: windows, proxy: Proxy(), se:cdp: ws://localhost:52601/devtoo..., se:cdpVersion: 144.0.7559.133, setWindowRect: true, strictFileInteractability: false, timeouts: {implicit: 0, pageLoad: 300000, script: 30000}, unhandledPromptBehavior: dismiss and notify, webauthn:extension:credBlob: true, webauthn:extension:largeBlob: true, webauthn:extension:minPinLength: true, webauthn:extension:prf: true, webauthn:virtualAuthenticators: true}
Element: [[ChromeDriver: chrome on windows (2fdee57b236c8b7b8b6c89742e204511)] -> xpath: //input[@placeholder='Search']]
Session ID: 2fdee57b236c8b7b8b6c89742e204511]]>
            </message>
            <full-stacktrace>
              <![CDATA[org.openqa.selenium.StaleElementReferenceException: stale element reference: stale element not found
  (Session info: chrome=144.0.7559.133)
For documentation on this error, please visit: https://www.selenium.dev/documentation/webdriver/troubleshooting/errors#staleelementreferenceexception
Build info: version: '4.38.0', revision: '6b412e825c*'
System info: os.name: 'Windows 11', os.arch: 'amd64', os.version: '10.0', java.version: '21.0.7'
Driver info: org.openqa.selenium.chrome.ChromeDriver
Command: [2fdee57b236c8b7b8b6c89742e204511, sendKeysToElement {value=[Ljava.lang.CharSequence;@7a31ca20, id=f.C3B210FC880E023B80118651FE8F48A7.d.4097F20683EEAEFEADA7D6801C65C2E3.e.62}]
Capabilities {acceptInsecureCerts: false, browserName: chrome, browserVersion: 144.0.7559.133, chrome: {chromedriverVersion: 144.0.7559.133 (7da823b1d59..., userDataDir: C:\Users\saura\AppData\Loca...}, fedcm:accounts: true, goog:chromeOptions: {debuggerAddress: localhost:52601}, goog:processID: 23932, networkConnectionEnabled: false, pageLoadStrategy: normal, platformName: windows, proxy: Proxy(), se:cdp: ws://localhost:52601/devtoo..., se:cdpVersion: 144.0.7559.133, setWindowRect: true, strictFileInteractability: false, timeouts: {implicit: 0, pageLoad: 300000, script: 30000}, unhandledPromptBehavior: dismiss and notify, webauthn:extension:credBlob: true, webauthn:extension:largeBlob: true, webauthn:extension:minPinLength: true, webauthn:extension:prf: true, webauthn:virtualAuthenticators: true}
Element: [[ChromeDriver: chrome on windows (2fdee57b236c8b7b8b6c89742e204511)] -> xpath: //input[@placeholder='Search']]
Session ID: 2fdee57b236c8b7b8b6c89742e204511
at java.base/jdk.internal.reflect.DirectConstructorHandleAccessor.newInstance(DirectConstructorHandleAccessor.java:62)
at java.base/java.lang.reflect.Constructor.newInstanceWithCaller(Constructor.java:502)
at java.base/java.lang.reflect.Constructor.newInstance(Constructor.java:486)
at org.openqa.selenium.remote.ErrorCodec.decode(ErrorCodec.java:167)
at org.openqa.selenium.remote.codec.w3c.W3CHttpResponseCodec.decode(W3CHttpResponseCodec.java:138)
at org.openqa.selenium.remote.codec.w3c.W3CHttpResponseCodec.decode(W3CHttpResponseCodec.java:50)
at org.openqa.selenium.remote.HttpCommandExecutor.execute(HttpCommandExecutor.java:215)
at org.openqa.selenium.remote.service.DriverCommandExecutor.invokeExecute(DriverCommandExecutor.java:216)
at org.openqa.selenium.remote.service.DriverCommandExecutor.execute(DriverCommandExecutor.java:174)
at org.openqa.selenium.remote.RemoteWebDriver.execute(RemoteWebDriver.java:557)
at org.openqa.selenium.remote.RemoteWebElement.execute(RemoteWebElement.java:223)
at org.openqa.selenium.remote.RemoteWebElement.sendKeys(RemoteWebElement.java:110)
at java.base/jdk.internal.reflect.DirectMethodHandleAccessor.invoke(DirectMethodHandleAccessor.java:103)
at java.base/java.lang.reflect.Method.invoke(Method.java:580)
at org.openqa.selenium.support.pagefactory.internal.LocatingElementHandler.invoke(LocatingElementHandler.java:51)
at jdk.proxy2/jdk.proxy2.$Proxy33.sendKeys(Unknown Source)
at pageObjects.SearchProductPage.searchProduct(SearchProductPage.java:40)
at utilities.CommonFlows.searchProduct(CommonFlows.java:27)
at testCases.TC007_CartTotalCalculationTest.applicationLogin(TC007_CartTotalCalculationTest.java:16)
at java.base/jdk.internal.reflect.DirectMethodHandleAccessor.invoke(DirectMethodHandleAccessor.java:103)
at java.base/java.lang.reflect.Method.invoke(Method.java:580)
at org.testng.internal.invokers.MethodInvocationHelper.invokeMethod(MethodInvocationHelper.java:141)
at org.testng.internal.invokers.MethodInvocationHelper.invokeMethodConsideringTimeout(MethodInvocationHelper.java:71)
at org.testng.internal.invokers.ConfigInvoker.invokeConfigurationMethod(ConfigInvoker.java:400)
at org.testng.internal.invokers.ConfigInvoker.invokeConfigurations(ConfigInvoker.java:333)
at org.testng.internal.invokers.TestInvoker.runConfigMethods(TestInvoker.java:836)
at org.testng.internal.invokers.TestInvoker.invokeMethod(TestInvoker.java:601)
at org.testng.internal.invokers.TestInvoker.invokeTestMethod(TestInvoker.java:230)
at org.testng.internal.invokers.MethodRunner.runInSequence(MethodRunner.java:63)
at org.testng.internal.invokers.TestInvoker$MethodInvocationAgent.invoke(TestInvoker.java:995)
at org.testng.internal.invokers.TestInvoker.invokeTestMethods(TestInvoker.java:203)
at org.testng.internal.invokers.TestMethodWorker.invokeTestMethods(TestMethodWorker.java:154)
at org.testng.internal.invokers.TestMethodWorker.run(TestMethodWorker.java:134)
at java.base/java.util.ArrayList.forEach(ArrayList.java:1596)
at org.testng.TestRunner.privateRun(TestRunner.java:741)
at org.testng.TestRunner.run(TestRunner.java:616)
at org.testng.SuiteRunner.runTest(SuiteRunner.java:421)
at org.testng.SuiteRunner.runSequentially(SuiteRunner.java:413)
at org.testng.SuiteRunner.privateRun(SuiteRunner.java:373)
at org.testng.SuiteRunner.run(SuiteRunner.java:312)
at org.testng.SuiteRunnerWorker.runSuite(SuiteRunnerWorker.java:52)
at org.testng.SuiteRunnerWorker.run(SuiteRunnerWorker.java:95)
at org.testng.TestNG.runSuitesSequentially(TestNG.java:1274)
at org.testng.TestNG.runSuitesLocally(TestNG.java:1208)
at org.testng.TestNG.runSuites(TestNG.java:1112)
at org.testng.TestNG.run(TestNG.java:1079)
at org.testng.remote.AbstractRemoteTestNG.run(AbstractRemoteTestNG.java:115)
at org.testng.remote.RemoteTestNG.initAndRun(RemoteTestNG.java:293)
at org.testng.remote.RemoteTestNG.main(RemoteTestNG.java:91)
]]>
            </full-stacktrace>
          </exception> <!-- org.openqa.selenium.StaleElementReferenceException -->
          <reporter-output>
          </reporter-output>
        </test-method> <!-- applicationLogin -->
        <test-method signature="verifyCartTotalCalculations()[pri:0, instance:testCases.TC007_CartTotalCalculationTest@41a2befb]" started-at="2026-02-11T17:46:49 IST" name="verifyCartTotalCalculations" finished-at="2026-02-11T17:46:49 IST" duration-ms="2" status="SKIP">
          <exception class="org.openqa.selenium.StaleElementReferenceException">
            <message>
              <![CDATA[stale element reference: stale element not found
  (Session info: chrome=144.0.7559.133)
For documentation on this error, please visit: https://www.selenium.dev/documentation/webdriver/troubleshooting/errors#staleelementreferenceexception
Build info: version: '4.38.0', revision: '6b412e825c*'
System info: os.name: 'Windows 11', os.arch: 'amd64', os.version: '10.0', java.version: '21.0.7'
Driver info: org.openqa.selenium.chrome.ChromeDriver
Command: [2fdee57b236c8b7b8b6c89742e204511, sendKeysToElement {value=[Ljava.lang.CharSequence;@7a31ca20, id=f.C3B210FC880E023B80118651FE8F48A7.d.4097F20683EEAEFEADA7D6801C65C2E3.e.62}]
Capabilities {acceptInsecureCerts: false, browserName: chrome, browserVersion: 144.0.7559.133, chrome: {chromedriverVersion: 144.0.7559.133 (7da823b1d59..., userDataDir: C:\Users\saura\AppData\Loca...}, fedcm:accounts: true, goog:chromeOptions: {debuggerAddress: localhost:52601}, goog:processID: 23932, networkConnectionEnabled: false, pageLoadStrategy: normal, platformName: windows, proxy: Proxy(), se:cdp: ws://localhost:52601/devtoo..., se:cdpVersion: 144.0.7559.133, setWindowRect: true, strictFileInteractability: false, timeouts: {implicit: 0, pageLoad: 300000, script: 30000}, unhandledPromptBehavior: dismiss and notify, webauthn:extension:credBlob: true, webauthn:extension:largeBlob: true, webauthn:extension:minPinLength: true, webauthn:extension:prf: true, webauthn:virtualAuthenticators: true}
Element: [[ChromeDriver: chrome on windows (2fdee57b236c8b7b8b6c89742e204511)] -> xpath: //input[@placeholder='Search']]
Session ID: 2fdee57b236c8b7b8b6c89742e204511]]>
            </message>
            <full-stacktrace>
              <![CDATA[org.openqa.selenium.StaleElementReferenceException: stale element reference: stale element not found
  (Session info: chrome=144.0.7559.133)
For documentation on this error, please visit: https://www.selenium.dev/documentation/webdriver/troubleshooting/errors#staleelementreferenceexception
Build info: version: '4.38.0', revision: '6b412e825c*'
System info: os.name: 'Windows 11', os.arch: 'amd64', os.version: '10.0', java.version: '21.0.7'
Driver info: org.openqa.selenium.chrome.ChromeDriver
Command: [2fdee57b236c8b7b8b6c89742e204511, sendKeysToElement {value=[Ljava.lang.CharSequence;@7a31ca20, id=f.C3B210FC880E023B80118651FE8F48A7.d.4097F20683EEAEFEADA7D6801C65C2E3.e.62}]
Capabilities {acceptInsecureCerts: false, browserName: chrome, browserVersion: 144.0.7559.133, chrome: {chromedriverVersion: 144.0.7559.133 (7da823b1d59..., userDataDir: C:\Users\saura\AppData\Loca...}, fedcm:accounts: true, goog:chromeOptions: {debuggerAddress: localhost:52601}, goog:processID: 23932, networkConnectionEnabled: false, pageLoadStrategy: normal, platformName: windows, proxy: Proxy(), se:cdp: ws://localhost:52601/devtoo..., se:cdpVersion: 144.0.7559.133, setWindowRect: true, strictFileInteractability: false, timeouts: {implicit: 0, pageLoad: 300000, script: 30000}, unhandledPromptBehavior: dismiss and notify, webauthn:extension:credBlob: true, webauthn:extension:largeBlob: true, webauthn:extension:minPinLength: true, webauthn:extension:prf: true, webauthn:virtualAuthenticators: true}
Element: [[ChromeDriver: chrome on windows (2fdee57b236c8b7b8b6c89742e204511)] -> xpath: //input[@placeholder='Search']]
Session ID: 2fdee57b236c8b7b8b6c89742e204511
at java.base/jdk.internal.reflect.DirectConstructorHandleAccessor.newInstance(DirectConstructorHandleAccessor.java:62)
at java.base/java.lang.reflect.Constructor.newInstanceWithCaller(Constructor.java:502)
at java.base/java.lang.reflect.Constructor.newInstance(Constructor.java:486)
at org.openqa.selenium.remote.ErrorCodec.decode(ErrorCodec.java:167)
at org.openqa.selenium.remote.codec.w3c.W3CHttpResponseCodec.decode(W3CHttpResponseCodec.java:138)
at org.openqa.selenium.remote.codec.w3c.W3CHttpResponseCodec.decode(W3CHttpResponseCodec.java:50)
at org.openqa.selenium.remote.HttpCommandExecutor.execute(HttpCommandExecutor.java:215)
at org.openqa.selenium.remote.service.DriverCommandExecutor.invokeExecute(DriverCommandExecutor.java:216)
at org.openqa.selenium.remote.service.DriverCommandExecutor.execute(DriverCommandExecutor.java:174)
at org.openqa.selenium.remote.RemoteWebDriver.execute(RemoteWebDriver.java:557)
at org.openqa.selenium.remote.RemoteWebElement.execute(RemoteWebElement.java:223)
at org.openqa.selenium.remote.RemoteWebElement.sendKeys(RemoteWebElement.java:110)
at java.base/jdk.internal.reflect.DirectMethodHandleAccessor.invoke(DirectMethodHandleAccessor.java:103)
at java.base/java.lang.reflect.Method.invoke(Method.java:580)
at org.openqa.selenium.support.pagefactory.internal.LocatingElementHandler.invoke(LocatingElementHandler.java:51)
at jdk.proxy2/jdk.proxy2.$Proxy33.sendKeys(Unknown Source)
at pageObjects.SearchProductPage.searchProduct(SearchProductPage.java:40)
at utilities.CommonFlows.searchProduct(CommonFlows.java:27)
at testCases.TC007_CartTotalCalculationTest.applicationLogin(TC007_CartTotalCalculationTest.java:16)
at java.base/jdk.internal.reflect.DirectMethodHandleAccessor.invoke(DirectMethodHandleAccessor.java:103)
at java.base/java.lang.reflect.Method.invoke(Method.java:580)
at org.testng.internal.invokers.MethodInvocationHelper.invokeMethod(MethodInvocationHelper.java:141)
at org.testng.internal.invokers.MethodInvocationHelper.invokeMethodConsideringTimeout(MethodInvocationHelper.java:71)
at org.testng.internal.invokers.ConfigInvoker.invokeConfigurationMethod(ConfigInvoker.java:400)
at org.testng.internal.invokers.ConfigInvoker.invokeConfigurations(ConfigInvoker.java:333)
at org.testng.internal.invokers.TestInvoker.runConfigMethods(TestInvoker.java:836)
at org.testng.internal.invokers.TestInvoker.invokeMethod(TestInvoker.java:601)
at org.testng.internal.invokers.TestInvoker.invokeTestMethod(TestInvoker.java:230)
at org.testng.internal.invokers.MethodRunner.runInSequence(MethodRunner.java:63)
at org.testng.internal.invokers.TestInvoker$MethodInvocationAgent.invoke(TestInvoker.java:995)
at org.testng.internal.invokers.TestInvoker.invokeTestMethods(TestInvoker.java:203)
at org.testng.internal.invokers.TestMethodWorker.invokeTestMethods(TestMethodWorker.java:154)
at org.testng.internal.invokers.TestMethodWorker.run(TestMethodWorker.java:134)
at java.base/java.util.ArrayList.forEach(ArrayList.java:1596)
at org.testng.TestRunner.privateRun(TestRunner.java:741)
at org.testng.TestRunner.run(TestRunner.java:616)
at org.testng.SuiteRunner.runTest(SuiteRunner.java:421)
at org.testng.SuiteRunner.runSequentially(SuiteRunner.java:413)
at org.testng.SuiteRunner.privateRun(SuiteRunner.java:373)
at org.testng.SuiteRunner.run(SuiteRunner.java:312)
at org.testng.SuiteRunnerWorker.runSuite(SuiteRunnerWorker.java:52)
at org.testng.SuiteRunnerWorker.run(SuiteRunnerWorker.java:95)
at org.testng.TestNG.runSuitesSequentially(TestNG.java:1274)
at org.testng.TestNG.runSuitesLocally(TestNG.java:1208)
at org.testng.TestNG.runSuites(TestNG.java:1112)
at org.testng.TestNG.run(TestNG.java:1079)
at org.testng.remote.AbstractRemoteTestNG.run(AbstractRemoteTestNG.java:115)
at org.testng.remote.RemoteTestNG.initAndRun(RemoteTestNG.java:293)
at org.testng.remote.RemoteTestNG.main(RemoteTestNG.java:91)
]]>
            </full-stacktrace>
          </exception> <!-- org.openqa.selenium.StaleElementReferenceException -->
          <reporter-output>
          </reporter-output>
        </test-method> <!-- verifyCartTotalCalculations -->
        <test-method is-config="true" signature="applicationTesrdown()[pri:0, instance:testCases.TC007_CartTotalCalculationTest@41a2befb]" started-at="2026-02-11T17:46:49 IST" name="applicationTesrdown" finished-at="2026-02-11T17:46:49 IST" duration-ms="0" status="SKIP">
          <reporter-output>
          </reporter-output>
        </test-method> <!-- applicationTesrdown -->
        <test-method is-config="true" signature="tearDown()[pri:0, instance:testCases.TC007_CartTotalCalculationTest@41a2befb]" started-at="2026-02-11T17:46:49 IST" name="tearDown" finished-at="2026-02-11T17:46:49 IST" duration-ms="0" status="SKIP">
          <reporter-output>
          </reporter-output>
        </test-method> <!-- tearDown -->
      </class> <!-- testCases.TC007_CartTotalCalculationTest -->
      <class name="testCases.TC006_UpdateCartTest">
        <test-method is-config="true" signature="setup(java.lang.String,java.lang.String)[pri:0, instance:testCases.TC006_UpdateCartTest@77f1baf5]" started-at="2026-02-11T17:46:29 IST" name="setup" finished-at="2026-02-11T17:46:38 IST" duration-ms="8905" status="PASS">
          <params>
            <param index="0">
              <value>
                <![CDATA[Windows]]>
              </value>
            </param>
            <param index="1">
              <value>
                <![CDATA[Chrome]]>
              </value>
            </param>
          </params>
          <reporter-output>
          </reporter-output>
        </test-method> <!-- setup -->
        <test-method is-config="true" signature="applicationSetup()[pri:0, instance:testCases.TC006_UpdateCartTest@77f1baf5]" started-at="2026-02-11T17:46:38 IST" name="applicationSetup" finished-at="2026-02-11T17:46:42 IST" duration-ms="4068" status="PASS">
          <reporter-output>
          </reporter-output>
        </test-method> <!-- applicationSetup -->
        <test-method signature="verifyUpdateCartFunctionality()[pri:0, instance:testCases.TC006_UpdateCartTest@77f1baf5]" started-at="2026-02-11T17:46:42 IST" name="verifyUpdateCartFunctionality" finished-at="2026-02-11T17:46:43 IST" duration-ms="872" status="PASS">
          <reporter-output>
          </reporter-output>
        </test-method> <!-- verifyUpdateCartFunctionality -->
        <test-method is-config="true" signature="applicationTeardown()[pri:0, instance:testCases.TC006_UpdateCartTest@77f1baf5]" started-at="2026-02-11T17:46:43 IST" name="applicationTeardown" finished-at="2026-02-11T17:46:43 IST" duration-ms="608" status="PASS">
          <reporter-output>
          </reporter-output>
        </test-method> <!-- applicationTeardown -->
        <test-method is-config="true" signature="tearDown()[pri:0, instance:testCases.TC006_UpdateCartTest@77f1baf5]" started-at="2026-02-11T17:46:43 IST" name="tearDown" finished-at="2026-02-11T17:46:44 IST" duration-ms="782" status="PASS">
          <reporter-output>
          </reporter-output>
        </test-method> <!-- tearDown -->
      </class> <!-- testCases.TC006_UpdateCartTest -->
      <class name="testCases.TC012_AddProductFromWishlistToCartTest">
        <test-method is-config="true" signature="setup(java.lang.String,java.lang.String)[pri:0, instance:testCases.TC012_AddProductFromWishlistToCartTest@2df3b89c]" started-at="2026-02-11T17:47:30 IST" name="setup" finished-at="2026-02-11T17:47:43 IST" duration-ms="13014" status="PASS">
          <params>
            <param index="0">
              <value>
                <![CDATA[Windows]]>
              </value>
            </param>
            <param index="1">
              <value>
                <![CDATA[Chrome]]>
              </value>
            </param>
          </params>
          <reporter-output>
          </reporter-output>
        </test-method> <!-- setup -->
        <test-method is-config="true" signature="setup()[pri:0, instance:testCases.TC012_AddProductFromWishlistToCartTest@2df3b89c]" started-at="2026-02-11T17:47:43 IST" name="setup" finished-at="2026-02-11T17:47:47 IST" duration-ms="4013" status="PASS">
          <reporter-output>
          </reporter-output>
        </test-method> <!-- setup -->
        <test-method signature="testAddProductToCartFromWishlistFunctionality()[pri:0, instance:testCases.TC012_AddProductFromWishlistToCartTest@2df3b89c]" started-at="2026-02-11T17:47:47 IST" name="testAddProductToCartFromWishlistFunctionality" finished-at="2026-02-11T17:47:48 IST" duration-ms="850" status="PASS">
          <reporter-output>
          </reporter-output>
        </test-method> <!-- testAddProductToCartFromWishlistFunctionality -->
        <test-method is-config="true" signature="teardown()[pri:0, instance:testCases.TC012_AddProductFromWishlistToCartTest@2df3b89c]" started-at="2026-02-11T17:47:48 IST" name="teardown" finished-at="2026-02-11T17:47:48 IST" duration-ms="559" status="PASS">
          <reporter-output>
          </reporter-output>
        </test-method> <!-- teardown -->
        <test-method is-config="true" signature="tearDown()[pri:0, instance:testCases.TC012_AddProductFromWishlistToCartTest@2df3b89c]" started-at="2026-02-11T17:47:48 IST" name="tearDown" finished-at="2026-02-11T17:47:49 IST" duration-ms="797" status="PASS">
          <reporter-output>
          </reporter-output>
        </test-method> <!-- tearDown -->
      </class> <!-- testCases.TC012_AddProductFromWishlistToCartTest -->
      <class name="testCases.TC011_AddedProductValidationInWishlistTest">
        <test-method is-config="true" signature="setup(java.lang.String,java.lang.String)[pri:0, instance:testCases.TC011_AddedProductValidationInWishlistTest@38afe297]" started-at="2026-02-11T17:47:21 IST" name="setup" finished-at="2026-02-11T17:47:24 IST" duration-ms="3256" status="PASS">
          <params>
            <param index="0">
              <value>
                <![CDATA[Windows]]>
              </value>
            </param>
            <param index="1">
              <value>
                <![CDATA[Chrome]]>
              </value>
            </param>
          </params>
          <reporter-output>
          </reporter-output>
        </test-method> <!-- setup -->
        <test-method is-config="true" signature="setup()[pri:0, instance:testCases.TC011_AddedProductValidationInWishlistTest@38afe297]" started-at="2026-02-11T17:47:24 IST" name="setup" finished-at="2026-02-11T17:47:28 IST" duration-ms="3710" status="PASS">
          <reporter-output>
          </reporter-output>
        </test-method> <!-- setup -->
        <test-method signature="validateAddedProductInWishlist()[pri:0, instance:testCases.TC011_AddedProductValidationInWishlistTest@38afe297]" started-at="2026-02-11T17:47:28 IST" name="validateAddedProductInWishlist" finished-at="2026-02-11T17:47:29 IST" duration-ms="868" status="PASS">
          <reporter-output>
          </reporter-output>
        </test-method> <!-- validateAddedProductInWishlist -->
        <test-method is-config="true" signature="teardown()[pri:0, instance:testCases.TC011_AddedProductValidationInWishlistTest@38afe297]" started-at="2026-02-11T17:47:29 IST" name="teardown" finished-at="2026-02-11T17:47:29 IST" duration-ms="597" status="PASS">
          <reporter-output>
          </reporter-output>
        </test-method> <!-- teardown -->
        <test-method is-config="true" signature="tearDown()[pri:0, instance:testCases.TC011_AddedProductValidationInWishlistTest@38afe297]" started-at="2026-02-11T17:47:29 IST" name="tearDown" finished-at="2026-02-11T17:47:30 IST" duration-ms="595" status="PASS">
          <reporter-output>
          </reporter-output>
        </test-method> <!-- tearDown -->
      </class> <!-- testCases.TC011_AddedProductValidationInWishlistTest -->
      <class name="testCases.TC001_AccountRegistrationTest">
        <test-method is-config="true" signature="setup(java.lang.String,java.lang.String)[pri:0, instance:testCases.TC001_AccountRegistrationTest@fa4c865]" started-at="2026-02-11T17:45:58 IST" name="setup" finished-at="2026-02-11T17:46:02 IST" duration-ms="3706" status="PASS">
          <params>
            <param index="0">
              <value>
                <![CDATA[Windows]]>
              </value>
            </param>
            <param index="1">
              <value>
                <![CDATA[Chrome]]>
              </value>
            </param>
          </params>
          <reporter-output>
          </reporter-output>
        </test-method> <!-- setup -->
        <test-method signature="verify_account_registration()[pri:0, instance:testCases.TC001_AccountRegistrationTest@fa4c865]" started-at="2026-02-11T17:46:02 IST" name="verify_account_registration" finished-at="2026-02-11T17:46:05 IST" duration-ms="2800" status="PASS">
          <reporter-output>
          </reporter-output>
        </test-method> <!-- verify_account_registration -->
        <test-method is-config="true" signature="tearDown()[pri:0, instance:testCases.TC001_AccountRegistrationTest@fa4c865]" started-at="2026-02-11T17:46:05 IST" name="tearDown" finished-at="2026-02-11T17:46:06 IST" duration-ms="664" status="PASS">
          <reporter-output>
          </reporter-output>
        </test-method> <!-- tearDown -->
      </class> <!-- testCases.TC001_AccountRegistrationTest -->
      <class name="testCases.TC016_CompareProductTest">
        <test-method is-config="true" signature="setup(java.lang.String,java.lang.String)[pri:0, instance:testCases.TC016_CompareProductTest@7c9d8e2]" started-at="2026-02-11T17:48:09 IST" name="setup" finished-at="2026-02-11T17:48:11 IST" duration-ms="2100" status="PASS">
          <params>
            <param index="0">
              <value>
                <![CDATA[Windows]]>
              </value>
            </param>
            <param index="1">
              <value>
                <![CDATA[Chrome]]>
              </value>
            </param>
          </params>
          <reporter-output>
          </reporter-output>
        </test-method> <!-- setup -->
        <test-method is-config="true" signature="setup()[pri:0, instance:testCases.TC016_CompareProductTest@7c9d8e2]" started-at="2026-02-11T17:48:11 IST" name="setup" finished-at="2026-02-11T17:48:14 IST" duration-ms="3594" status="PASS">
          <reporter-output>
          </reporter-output>
        </test-method> <!-- setup -->
        <test-method signature="testCompareProductfunctionality()[pri:0, instance:testCases.TC016_CompareProductTest@7c9d8e2]" started-at="2026-02-11T17:48:14 IST" name="testCompareProductfunctionality" finished-at="2026-02-11T17:48:15 IST" duration-ms="485" status="PASS">
          <reporter-output>
          </reporter-output>
        </test-method> <!-- testCompareProductfunctionality -->
        <test-method is-config="true" signature="tearDown()[pri:0, instance:testCases.TC016_CompareProductTest@7c9d8e2]" started-at="2026-02-11T17:48:15 IST" name="tearDown" finished-at="2026-02-11T17:48:15 IST" duration-ms="671" status="PASS">
          <reporter-output>
          </reporter-output>
        </test-method> <!-- tearDown -->
      </class> <!-- testCases.TC016_CompareProductTest -->
      <class name="testCases.TC005_AddToCartTest">
        <test-method is-config="true" signature="setup(java.lang.String,java.lang.String)[pri:0, instance:testCases.TC005_AddToCartTest@7d20d0b]" started-at="2026-02-11T17:46:16 IST" name="setup" finished-at="2026-02-11T17:46:18 IST" duration-ms="1612" status="PASS">
          <params>
            <param index="0">
              <value>
                <![CDATA[Windows]]>
              </value>
            </param>
            <param index="1">
              <value>
                <![CDATA[Chrome]]>
              </value>
            </param>
          </params>
          <reporter-output>
          </reporter-output>
        </test-method> <!-- setup -->
        <test-method is-config="true" signature="applicationSetUp()[pri:0, instance:testCases.TC005_AddToCartTest@7d20d0b]" started-at="2026-02-11T17:46:18 IST" name="applicationSetUp" finished-at="2026-02-11T17:46:24 IST" duration-ms="5853" status="PASS">
          <reporter-output>
          </reporter-output>
        </test-method> <!-- applicationSetUp -->
        <test-method signature="verifyAddToCartFunctionality()[pri:0, instance:testCases.TC005_AddToCartTest@7d20d0b]" started-at="2026-02-11T17:46:24 IST" name="verifyAddToCartFunctionality" finished-at="2026-02-11T17:46:27 IST" duration-ms="3406" status="PASS">
          <reporter-output>
          </reporter-output>
        </test-method> <!-- verifyAddToCartFunctionality -->
        <test-method is-config="true" signature="applicationLogout()[pri:0, instance:testCases.TC005_AddToCartTest@7d20d0b]" started-at="2026-02-11T17:46:27 IST" name="applicationLogout" finished-at="2026-02-11T17:46:28 IST" duration-ms="988" status="PASS">
          <reporter-output>
          </reporter-output>
        </test-method> <!-- applicationLogout -->
        <test-method is-config="true" signature="tearDown()[pri:0, instance:testCases.TC005_AddToCartTest@7d20d0b]" started-at="2026-02-11T17:46:28 IST" name="tearDown" finished-at="2026-02-11T17:46:29 IST" duration-ms="623" status="PASS">
          <reporter-output>
          </reporter-output>
        </test-method> <!-- tearDown -->
      </class> <!-- testCases.TC005_AddToCartTest -->
      <class name="testCases.TC009_EmptyCartTest">
        <test-method is-config="true" signature="setup(java.lang.String,java.lang.String)[pri:0, instance:testCases.TC009_EmptyCartTest@131ef10]" started-at="2026-02-11T17:47:07 IST" name="setup" finished-at="2026-02-11T17:47:09 IST" duration-ms="2363" status="PASS">
          <params>
            <param index="0">
              <value>
                <![CDATA[Windows]]>
              </value>
            </param>
            <param index="1">
              <value>
                <![CDATA[Chrome]]>
              </value>
            </param>
          </params>
          <reporter-output>
          </reporter-output>
        </test-method> <!-- setup -->
        <test-method is-config="true" signature="setup()[pri:0, instance:testCases.TC009_EmptyCartTest@131ef10]" started-at="2026-02-11T17:47:09 IST" name="setup" finished-at="2026-02-11T17:47:11 IST" duration-ms="1204" status="PASS">
          <reporter-output>
          </reporter-output>
        </test-method> <!-- setup -->
        <test-method signature="verifyEmptyCartyFunctionality()[pri:0, instance:testCases.TC009_EmptyCartTest@131ef10]" started-at="2026-02-11T17:47:11 IST" name="verifyEmptyCartyFunctionality" finished-at="2026-02-11T17:47:12 IST" duration-ms="1170" status="PASS">
          <reporter-output>
          </reporter-output>
        </test-method> <!-- verifyEmptyCartyFunctionality -->
        <test-method is-config="true" signature="teardown()[pri:0, instance:testCases.TC009_EmptyCartTest@131ef10]" started-at="2026-02-11T17:47:12 IST" name="teardown" finished-at="2026-02-11T17:47:12 IST" duration-ms="604" status="PASS">
          <reporter-output>
          </reporter-output>
        </test-method> <!-- teardown -->
        <test-method is-config="true" signature="tearDown()[pri:0, instance:testCases.TC009_EmptyCartTest@131ef10]" started-at="2026-02-11T17:47:12 IST" name="tearDown" finished-at="2026-02-11T17:47:13 IST" duration-ms="643" status="PASS">
          <reporter-output>
          </reporter-output>
        </test-method> <!-- tearDown -->
      </class> <!-- testCases.TC009_EmptyCartTest -->
    </test> <!-- Test -->
  </suite> <!-- Master Suite -->
</testng-results>
