<?xml version="1.0" encoding="UTF-8"?>
<testng-results ignored="0" total="15" passed="14" failed="1" skipped="0">
  <reporter-output>
  </reporter-output>
  <suite started-at="2026-02-11T19:41:34 IST" name="Master Suite" finished-at="2026-02-11T19:44:32 IST" duration-ms="178425">
    <groups>
      <group name="Master">
        <method signature="TC001_AccountRegistrationTest.verify_account_registration()[pri:0, instance:testCases.TC001_AccountRegistrationTest@fa4c865]" name="verify_account_registration" class="testCases.TC001_AccountRegistrationTest"/>
        <method signature="TC002_LoginTest.verify_login()[pri:0, instance:testCases.TC002_LoginTest@5e5d171f]" name="verify_login" class="testCases.TC002_LoginTest"/>
      </group> <!-- Master -->
      <group name="Sanity">
        <method signature="TC006_UpdateCartTest.verifyUpdateCartFunctionality()[pri:0, instance:testCases.TC006_UpdateCartTest@77f1baf5]" name="verifyUpdateCartFunctionality" class="testCases.TC006_UpdateCartTest"/>
        <method signature="TC008_RemoveProductFromcartTest.verifyRemoveProductFromCartFunctionality()[pri:0, instance:testCases.TC008_RemoveProductFromcartTest@7bedc48a]" name="verifyRemoveProductFromCartFunctionality" class="testCases.TC008_RemoveProductFromcartTest"/>
        <method signature="TC010_AddProductToWishlistTest.verifyAddProductToWishlistFunctionality()[pri:0, instance:testCases.TC010_AddProductToWishlistTest@55b0dcab]" name="verifyAddProductToWishlistFunctionality" class="testCases.TC010_AddProductToWishlistTest"/>
        <method signature="TC012_AddProductFromWishlistToCartTest.testAddProductToCartFromWishlistFunctionality()[pri:0, instance:testCases.TC012_AddProductFromWishlistToCartTest@2df3b89c]" name="testAddProductToCartFromWishlistFunctionality" class="testCases.TC012_AddProductFromWishlistToCartTest"/>
        <method signature="TC013_RemoveProductFromMyWishlist.validateRemoveProductFromWishlistFunctionality()[pri:0, instance:testCases.TC013_RemoveProductFromMyWishlist@23348b5d]" name="validateRemoveProductFromWishlistFunctionality" class="testCases.TC013_RemoveProductFromMyWishlist"/>
      </group> <!-- Sanity -->
      <group name="Regression">
        <method signature="TC001_AccountRegistrationTest.verify_account_registration()[pri:0, instance:testCases.TC001_AccountRegistrationTest@fa4c865]" name="verify_account_registration" class="testCases.TC001_AccountRegistrationTest"/>
        <method signature="TC002_LoginTest.verify_login()[pri:0, instance:testCases.TC002_LoginTest@5e5d171f]" name="verify_login" class="testCases.TC002_LoginTest"/>
        <method signature="TC004_SearchProductTest.verifySearchProductFunctionality()[pri:0, instance:testCases.TC004_SearchProductTest@24313fcc]" name="verifySearchProductFunctionality" class="testCases.TC004_SearchProductTest"/>
        <method signature="TC005_AddToCartTest.verifyAddToCartFunctionality()[pri:0, instance:testCases.TC005_AddToCartTest@7d20d0b]" name="verifyAddToCartFunctionality" class="testCases.TC005_AddToCartTest"/>
        <method signature="TC006_UpdateCartTest.verifyUpdateCartFunctionality()[pri:0, instance:testCases.TC006_UpdateCartTest@77f1baf5]" name="verifyUpdateCartFunctionality" class="testCases.TC006_UpdateCartTest"/>
        <method signature="TC007_CartTotalCalculationTest.verifyCartTotalCalculations()[pri:0, instance:testCases.TC007_CartTotalCalculationTest@41a2befb]" name="verifyCartTotalCalculations" class="testCases.TC007_CartTotalCalculationTest"/>
        <method signature="TC008_RemoveProductFromcartTest.verifyRemoveProductFromCartFunctionality()[pri:0, instance:testCases.TC008_RemoveProductFromcartTest@7bedc48a]" name="verifyRemoveProductFromCartFunctionality" class="testCases.TC008_RemoveProductFromcartTest"/>
        <method signature="TC009_EmptyCartTest.verifyEmptyCartyFunctionality()[pri:0, instance:testCases.TC009_EmptyCartTest@131ef10]" name="verifyEmptyCartyFunctionality" class="testCases.TC009_EmptyCartTest"/>
        <method signature="TC010_AddProductToWishlistTest.verifyAddProductToWishlistFunctionality()[pri:0, instance:testCases.TC010_AddProductToWishlistTest@55b0dcab]" name="verifyAddProductToWishlistFunctionality" class="testCases.TC010_AddProductToWishlistTest"/>
        <method signature="TC011_AddedProductValidationInWishlistTest.validateAddedProductInWishlist()[pri:0, instance:testCases.TC011_AddedProductValidationInWishlistTest@38afe297]" name="validateAddedProductInWishlist" class="testCases.TC011_AddedProductValidationInWishlistTest"/>
        <method signature="TC012_AddProductFromWishlistToCartTest.testAddProductToCartFromWishlistFunctionality()[pri:0, instance:testCases.TC012_AddProductFromWishlistToCartTest@2df3b89c]" name="testAddProductToCartFromWishlistFunctionality" class="testCases.TC012_AddProductFromWishlistToCartTest"/>
        <method signature="TC013_RemoveProductFromMyWishlist.validateRemoveProductFromWishlistFunctionality()[pri:0, instance:testCases.TC013_RemoveProductFromMyWishlist@23348b5d]" name="validateRemoveProductFromWishlistFunctionality" class="testCases.TC013_RemoveProductFromMyWishlist"/>
        <method signature="TC014_EmptyWishlistTest.testEmptyCartFunctionality()[pri:0, instance:testCases.TC014_EmptyWishlistTest@70325e14]" name="testEmptyCartFunctionality" class="testCases.TC014_EmptyWishlistTest"/>
        <method signature="TC015_LogoutTest.testLogoutFunctionality()[pri:0, instance:testCases.TC015_LogoutTest@37ceb1df]" name="testLogoutFunctionality" class="testCases.TC015_LogoutTest"/>
        <method signature="TC016_CompareProductTest.testCompareProductfunctionality()[pri:0, instance:testCases.TC016_CompareProductTest@7c9d8e2]" name="testCompareProductfunctionality" class="testCases.TC016_CompareProductTest"/>
      </group> <!-- Regression -->
      <group name="Smoke">
        <method signature="TC001_AccountRegistrationTest.verify_account_registration()[pri:0, instance:testCases.TC001_AccountRegistrationTest@fa4c865]" name="verify_account_registration" class="testCases.TC001_AccountRegistrationTest"/>
        <method signature="TC002_LoginTest.verify_login()[pri:0, instance:testCases.TC002_LoginTest@5e5d171f]" name="verify_login" class="testCases.TC002_LoginTest"/>
        <method signature="TC004_SearchProductTest.verifySearchProductFunctionality()[pri:0, instance:testCases.TC004_SearchProductTest@24313fcc]" name="verifySearchProductFunctionality" class="testCases.TC004_SearchProductTest"/>
        <method signature="TC005_AddToCartTest.verifyAddToCartFunctionality()[pri:0, instance:testCases.TC005_AddToCartTest@7d20d0b]" name="verifyAddToCartFunctionality" class="testCases.TC005_AddToCartTest"/>
        <method signature="TC007_CartTotalCalculationTest.verifyCartTotalCalculations()[pri:0, instance:testCases.TC007_CartTotalCalculationTest@41a2befb]" name="verifyCartTotalCalculations" class="testCases.TC007_CartTotalCalculationTest"/>
        <method signature="TC015_LogoutTest.testLogoutFunctionality()[pri:0, instance:testCases.TC015_LogoutTest@37ceb1df]" name="testLogoutFunctionality" class="testCases.TC015_LogoutTest"/>
      </group> <!-- Smoke -->
    </groups>
    <test started-at="2026-02-11T19:41:34 IST" name="Test" finished-at="2026-02-11T19:44:32 IST" duration-ms="178425">
      <class name="testCases.TC004_SearchProductTest">
        <test-method is-config="true" signature="setup(java.lang.String,java.lang.String)[pri:0, instance:testCases.TC004_SearchProductTest@24313fcc]" started-at="2026-02-11T19:41:49 IST" name="setup" finished-at="2026-02-11T19:41:53 IST" duration-ms="3017" status="PASS">
          <params>
            <param index="0">
              <value>
                <![CDATA[Windows]]>
              </value>
            </param>
            <param index="1">
              <value>
                <![CDATA[Chrome]]>
              </value>
            </param>
          </params>
          <reporter-output>
          </reporter-output>
        </test-method> <!-- setup -->
        <test-method is-config="true" signature="applicationlogin()[pri:0, instance:testCases.TC004_SearchProductTest@24313fcc]" started-at="2026-02-11T19:41:53 IST" name="applicationlogin" finished-at="2026-02-11T19:41:54 IST" duration-ms="1372" status="PASS">
          <reporter-output>
          </reporter-output>
        </test-method> <!-- applicationlogin -->
        <test-method signature="verifySearchProductFunctionality()[pri:0, instance:testCases.TC004_SearchProductTest@24313fcc]" started-at="2026-02-11T19:41:54 IST" name="verifySearchProductFunctionality" finished-at="2026-02-11T19:41:57 IST" duration-ms="3222" status="PASS">
          <reporter-output>
          </reporter-output>
        </test-method> <!-- verifySearchProductFunctionality -->
        <test-method is-config="true" signature="applicationLogout()[pri:0, instance:testCases.TC004_SearchProductTest@24313fcc]" started-at="2026-02-11T19:41:57 IST" name="applicationLogout" finished-at="2026-02-11T19:41:58 IST" duration-ms="721" status="PASS">
          <reporter-output>
          </reporter-output>
        </test-method> <!-- applicationLogout -->
        <test-method is-config="true" signature="tearDown()[pri:0, instance:testCases.TC004_SearchProductTest@24313fcc]" started-at="2026-02-11T19:41:58 IST" name="tearDown" finished-at="2026-02-11T19:41:58 IST" duration-ms="662" status="PASS">
          <reporter-output>
          </reporter-output>
        </test-method> <!-- tearDown -->
      </class> <!-- testCases.TC004_SearchProductTest -->
      <class name="testCases.TC008_RemoveProductFromcartTest">
        <test-method is-config="true" signature="setup(java.lang.String,java.lang.String)[pri:0, instance:testCases.TC008_RemoveProductFromcartTest@7bedc48a]" started-at="2026-02-11T19:42:52 IST" name="setup" finished-at="2026-02-11T19:42:54 IST" duration-ms="2274" status="PASS">
          <params>
            <param index="0">
              <value>
                <![CDATA[Windows]]>
              </value>
            </param>
            <param index="1">
              <value>
                <![CDATA[Chrome]]>
              </value>
            </param>
          </params>
          <reporter-output>
          </reporter-output>
        </test-method> <!-- setup -->
        <test-method is-config="true" signature="setup()[pri:0, instance:testCases.TC008_RemoveProductFromcartTest@7bedc48a]" started-at="2026-02-11T19:42:54 IST" name="setup" finished-at="2026-02-11T19:43:00 IST" duration-ms="5057" status="PASS">
          <reporter-output>
          </reporter-output>
        </test-method> <!-- setup -->
        <test-method signature="verifyRemoveProductFromCartFunctionality()[pri:0, instance:testCases.TC008_RemoveProductFromcartTest@7bedc48a]" started-at="2026-02-11T19:43:00 IST" name="verifyRemoveProductFromCartFunctionality" finished-at="2026-02-11T19:43:10 IST" duration-ms="10673" status="PASS">
          <reporter-output>
          </reporter-output>
        </test-method> <!-- verifyRemoveProductFromCartFunctionality -->
        <test-method is-config="true" signature="teardown()[pri:0, instance:testCases.TC008_RemoveProductFromcartTest@7bedc48a]" started-at="2026-02-11T19:43:10 IST" name="teardown" finished-at="2026-02-11T19:43:11 IST" duration-ms="1268" status="PASS">
          <reporter-output>
          </reporter-output>
        </test-method> <!-- teardown -->
        <test-method is-config="true" signature="tearDown()[pri:0, instance:testCases.TC008_RemoveProductFromcartTest@7bedc48a]" started-at="2026-02-11T19:43:11 IST" name="tearDown" finished-at="2026-02-11T19:43:12 IST" duration-ms="800" status="PASS">
          <reporter-output>
          </reporter-output>
        </test-method> <!-- tearDown -->
      </class> <!-- testCases.TC008_RemoveProductFromcartTest -->
      <class name="testCases.TC002_LoginTest">
        <test-method is-config="true" signature="setup(java.lang.String,java.lang.String)[pri:0, instance:testCases.TC002_LoginTest@5e5d171f]" started-at="2026-02-11T19:41:44 IST" name="setup" finished-at="2026-02-11T19:41:47 IST" duration-ms="2386" status="PASS">
          <params>
            <param index="0">
              <value>
                <![CDATA[Windows]]>
              </value>
            </param>
            <param index="1">
              <value>
                <![CDATA[Chrome]]>
              </value>
            </param>
          </params>
          <reporter-output>
          </reporter-output>
        </test-method> <!-- setup -->
        <test-method signature="verify_login()[pri:0, instance:testCases.TC002_LoginTest@5e5d171f]" started-at="2026-02-11T19:41:47 IST" name="verify_login" finished-at="2026-02-11T19:41:49 IST" duration-ms="2192" status="PASS">
          <reporter-output>
          </reporter-output>
        </test-method> <!-- verify_login -->
        <test-method is-config="true" signature="tearDown()[pri:0, instance:testCases.TC002_LoginTest@5e5d171f]" started-at="2026-02-11T19:41:49 IST" name="tearDown" finished-at="2026-02-11T19:41:49 IST" duration-ms="721" status="PASS">
          <reporter-output>
          </reporter-output>
        </test-method> <!-- tearDown -->
      </class> <!-- testCases.TC002_LoginTest -->
      <class name="testCases.TC015_LogoutTest">
        <test-method is-config="true" signature="setup(java.lang.String,java.lang.String)[pri:0, instance:testCases.TC015_LogoutTest@37ceb1df]" started-at="2026-02-11T19:44:18 IST" name="setup" finished-at="2026-02-11T19:44:20 IST" duration-ms="2809" status="PASS">
          <params>
            <param index="0">
              <value>
                <![CDATA[Windows]]>
              </value>
            </param>
            <param index="1">
              <value>
                <![CDATA[Chrome]]>
              </value>
            </param>
          </params>
          <reporter-output>
          </reporter-output>
        </test-method> <!-- setup -->
        <test-method is-config="true" signature="setup()[pri:0, instance:testCases.TC015_LogoutTest@37ceb1df]" started-at="2026-02-11T19:44:20 IST" name="setup" finished-at="2026-02-11T19:44:22 IST" duration-ms="1235" status="PASS">
          <reporter-output>
          </reporter-output>
        </test-method> <!-- setup -->
        <test-method signature="testLogoutFunctionality()[pri:0, instance:testCases.TC015_LogoutTest@37ceb1df]" started-at="2026-02-11T19:44:22 IST" name="testLogoutFunctionality" finished-at="2026-02-11T19:44:23 IST" duration-ms="1486" status="PASS">
          <reporter-output>
          </reporter-output>
        </test-method> <!-- testLogoutFunctionality -->
        <test-method is-config="true" signature="tearDown()[pri:0, instance:testCases.TC015_LogoutTest@37ceb1df]" started-at="2026-02-11T19:44:23 IST" name="tearDown" finished-at="2026-02-11T19:44:24 IST" duration-ms="812" status="PASS">
          <reporter-output>
          </reporter-output>
        </test-method> <!-- tearDown -->
      </class> <!-- testCases.TC015_LogoutTest -->
      <class name="testCases.TC014_EmptyWishlistTest">
        <test-method is-config="true" signature="setup(java.lang.String,java.lang.String)[pri:0, instance:testCases.TC014_EmptyWishlistTest@70325e14]" started-at="2026-02-11T19:44:11 IST" name="setup" finished-at="2026-02-11T19:44:14 IST" duration-ms="2951" status="PASS">
          <params>
            <param index="0">
              <value>
                <![CDATA[Windows]]>
              </value>
            </param>
            <param index="1">
              <value>
                <![CDATA[Chrome]]>
              </value>
            </param>
          </params>
          <reporter-output>
          </reporter-output>
        </test-method> <!-- setup -->
        <test-method is-config="true" signature="setUp()[pri:0, instance:testCases.TC014_EmptyWishlistTest@70325e14]" started-at="2026-02-11T19:44:14 IST" name="setUp" finished-at="2026-02-11T19:44:16 IST" duration-ms="2054" status="PASS">
          <reporter-output>
          </reporter-output>
        </test-method> <!-- setUp -->
        <test-method signature="testEmptyCartFunctionality()[pri:0, instance:testCases.TC014_EmptyWishlistTest@70325e14]" started-at="2026-02-11T19:44:16 IST" name="testEmptyCartFunctionality" finished-at="2026-02-11T19:44:16 IST" duration-ms="649" status="PASS">
          <reporter-output>
          </reporter-output>
        </test-method> <!-- testEmptyCartFunctionality -->
        <test-method is-config="true" signature="teardown()[pri:0, instance:testCases.TC014_EmptyWishlistTest@70325e14]" started-at="2026-02-11T19:44:16 IST" name="teardown" finished-at="2026-02-11T19:44:17 IST" duration-ms="645" status="PASS">
          <reporter-output>
          </reporter-output>
        </test-method> <!-- teardown -->
        <test-method is-config="true" signature="tearDown()[pri:0, instance:testCases.TC014_EmptyWishlistTest@70325e14]" started-at="2026-02-11T19:44:17 IST" name="tearDown" finished-at="2026-02-11T19:44:18 IST" duration-ms="716" status="PASS">
          <reporter-output>
          </reporter-output>
        </test-method> <!-- tearDown -->
      </class> <!-- testCases.TC014_EmptyWishlistTest -->
      <class name="testCases.TC010_AddProductToWishlistTest">
        <test-method is-config="true" signature="setup(java.lang.String,java.lang.String)[pri:0, instance:testCases.TC010_AddProductToWishlistTest@55b0dcab]" started-at="2026-02-11T19:43:19 IST" name="setup" finished-at="2026-02-11T19:43:22 IST" duration-ms="2350" status="PASS">
          <params>
            <param index="0">
              <value>
                <![CDATA[Windows]]>
              </value>
            </param>
            <param index="1">
              <value>
                <![CDATA[Chrome]]>
              </value>
            </param>
          </params>
          <reporter-output>
          </reporter-output>
        </test-method> <!-- setup -->
        <test-method is-config="true" signature="setup()[pri:0, instance:testCases.TC010_AddProductToWishlistTest@55b0dcab]" started-at="2026-02-11T19:43:22 IST" name="setup" finished-at="2026-02-11T19:43:26 IST" duration-ms="4524" status="PASS">
          <reporter-output>
          </reporter-output>
        </test-method> <!-- setup -->
        <test-method signature="verifyAddProductToWishlistFunctionality()[pri:0, instance:testCases.TC010_AddProductToWishlistTest@55b0dcab]" started-at="2026-02-11T19:43:26 IST" name="verifyAddProductToWishlistFunctionality" finished-at="2026-02-11T19:43:27 IST" duration-ms="431" status="PASS">
          <reporter-output>
          </reporter-output>
        </test-method> <!-- verifyAddProductToWishlistFunctionality -->
        <test-method is-config="true" signature="teardown()[pri:0, instance:testCases.TC010_AddProductToWishlistTest@55b0dcab]" started-at="2026-02-11T19:43:27 IST" name="teardown" finished-at="2026-02-11T19:43:37 IST" duration-ms="10462" status="FAIL">
          <exception class="org.openqa.selenium.TimeoutException">
            <message>
              <![CDATA[Expected condition failed: waiting for element to be clickable: [[ChromeDriver: chrome on windows (e47af3a99ed7cdd849de5f2c053e99a0)] -> xpath: //a[normalize-space()='Logout']] (tried for 10 second(s) with 500 milliseconds interval)
Build info: version: '4.38.0', revision: '6b412e825c*'
System info: os.name: 'Windows 11', os.arch: 'amd64', os.version: '10.0', java.version: '21.0.7'
Driver info: org.openqa.selenium.chrome.ChromeDriver
Capabilities {acceptInsecureCerts: false, browserName: chrome, browserVersion: 144.0.7559.133, chrome: {chromedriverVersion: 144.0.7559.133 (7da823b1d59..., userDataDir: C:\Users\saura\AppData\Loca...}, fedcm:accounts: true, goog:chromeOptions: {debuggerAddress: localhost:62279}, goog:processID: 25252, networkConnectionEnabled: false, pageLoadStrategy: normal, platformName: windows, proxy: Proxy(), se:cdp: ws://localhost:62279/devtoo..., se:cdpVersion: 144.0.7559.133, setWindowRect: true, strictFileInteractability: false, timeouts: {implicit: 0, pageLoad: 300000, script: 30000}, unhandledPromptBehavior: dismiss and notify, webauthn:extension:credBlob: true, webauthn:extension:largeBlob: true, webauthn:extension:minPinLength: true, webauthn:extension:prf: true, webauthn:virtualAuthenticators: true}
Session ID: e47af3a99ed7cdd849de5f2c053e99a0]]>
            </message>
            <full-stacktrace>
              <![CDATA[org.openqa.selenium.TimeoutException: Expected condition failed: waiting for element to be clickable: [[ChromeDriver: chrome on windows (e47af3a99ed7cdd849de5f2c053e99a0)] -> xpath: //a[normalize-space()='Logout']] (tried for 10 second(s) with 500 milliseconds interval)
Build info: version: '4.38.0', revision: '6b412e825c*'
System info: os.name: 'Windows 11', os.arch: 'amd64', os.version: '10.0', java.version: '21.0.7'
Driver info: org.openqa.selenium.chrome.ChromeDriver
Capabilities {acceptInsecureCerts: false, browserName: chrome, browserVersion: 144.0.7559.133, chrome: {chromedriverVersion: 144.0.7559.133 (7da823b1d59..., userDataDir: C:\Users\saura\AppData\Loca...}, fedcm:accounts: true, goog:chromeOptions: {debuggerAddress: localhost:62279}, goog:processID: 25252, networkConnectionEnabled: false, pageLoadStrategy: normal, platformName: windows, proxy: Proxy(), se:cdp: ws://localhost:62279/devtoo..., se:cdpVersion: 144.0.7559.133, setWindowRect: true, strictFileInteractability: false, timeouts: {implicit: 0, pageLoad: 300000, script: 30000}, unhandledPromptBehavior: dismiss and notify, webauthn:extension:credBlob: true, webauthn:extension:largeBlob: true, webauthn:extension:minPinLength: true, webauthn:extension:prf: true, webauthn:virtualAuthenticators: true}
Session ID: e47af3a99ed7cdd849de5f2c053e99a0
at org.openqa.selenium.support.ui.WebDriverWait.timeoutException(WebDriverWait.java:84)
at org.openqa.selenium.support.ui.FluentWait.until(FluentWait.java:228)
at pageObjects.MyAccountPage.clickLogout(MyAccountPage.java:35)
at utilities.CommonFlows.logout(CommonFlows.java:49)
at testCases.TC010_AddProductToWishlistTest.teardown(TC010_AddProductToWishlistTest.java:30)
at java.base/jdk.internal.reflect.DirectMethodHandleAccessor.invoke(DirectMethodHandleAccessor.java:103)
at java.base/java.lang.reflect.Method.invoke(Method.java:580)
at org.testng.internal.invokers.MethodInvocationHelper.invokeMethod(MethodInvocationHelper.java:141)
at org.testng.internal.invokers.MethodInvocationHelper.invokeMethodConsideringTimeout(MethodInvocationHelper.java:71)
at org.testng.internal.invokers.ConfigInvoker.invokeConfigurationMethod(ConfigInvoker.java:400)
at org.testng.internal.invokers.ConfigInvoker.invokeConfigurations(ConfigInvoker.java:333)
at org.testng.internal.invokers.TestInvoker.runConfigMethods(TestInvoker.java:836)
at org.testng.internal.invokers.TestInvoker.runAfterConfigurations(TestInvoker.java:805)
at org.testng.internal.invokers.TestInvoker.invokeMethod(TestInvoker.java:781)
at org.testng.internal.invokers.TestInvoker.invokeTestMethod(TestInvoker.java:230)
at org.testng.internal.invokers.MethodRunner.runInSequence(MethodRunner.java:63)
at org.testng.internal.invokers.TestInvoker$MethodInvocationAgent.invoke(TestInvoker.java:995)
at org.testng.internal.invokers.TestInvoker.invokeTestMethods(TestInvoker.java:203)
at org.testng.internal.invokers.TestMethodWorker.invokeTestMethods(TestMethodWorker.java:154)
at org.testng.internal.invokers.TestMethodWorker.run(TestMethodWorker.java:134)
at java.base/java.util.ArrayList.forEach(ArrayList.java:1596)
at org.testng.TestRunner.privateRun(TestRunner.java:741)
at org.testng.TestRunner.run(TestRunner.java:616)
at org.testng.SuiteRunner.runTest(SuiteRunner.java:421)
at org.testng.SuiteRunner.runSequentially(SuiteRunner.java:413)
at org.testng.SuiteRunner.privateRun(SuiteRunner.java:373)
at org.testng.SuiteRunner.run(SuiteRunner.java:312)
at org.testng.SuiteRunnerWorker.runSuite(SuiteRunnerWorker.java:52)
at org.testng.SuiteRunnerWorker.run(SuiteRunnerWorker.java:95)
at org.testng.TestNG.runSuitesSequentially(TestNG.java:1274)
at org.testng.TestNG.runSuitesLocally(TestNG.java:1208)
at org.testng.TestNG.runSuites(TestNG.java:1112)
at org.testng.TestNG.run(TestNG.java:1079)
at org.testng.remote.AbstractRemoteTestNG.run(AbstractRemoteTestNG.java:115)
at org.testng.remote.RemoteTestNG.initAndRun(RemoteTestNG.java:293)
at org.testng.remote.RemoteTestNG.main(RemoteTestNG.java:91)
]]>
            </full-stacktrace>
          </exception> <!-- org.openqa.selenium.TimeoutException -->
          <reporter-output>
          </reporter-output>
        </test-method> <!-- teardown -->
        <test-method is-config="true" signature="tearDown()[pri:0, instance:testCases.TC010_AddProductToWishlistTest@55b0dcab]" started-at="2026-02-11T19:43:37 IST" name="tearDown" finished-at="2026-02-11T19:43:37 IST" duration-ms="0" status="SKIP">
          <reporter-output>
          </reporter-output>
        </test-method> <!-- tearDown -->
      </class> <!-- testCases.TC010_AddProductToWishlistTest -->
      <class name="testCases.TC013_RemoveProductFromMyWishlist">
        <test-method is-config="true" signature="setup(java.lang.String,java.lang.String)[pri:0, instance:testCases.TC013_RemoveProductFromMyWishlist@23348b5d]" started-at="2026-02-11T19:44:00 IST" name="setup" finished-at="2026-02-11T19:44:03 IST" duration-ms="2761" status="PASS">
          <params>
            <param index="0">
              <value>
                <![CDATA[Windows]]>
              </value>
            </param>
            <param index="1">
              <value>
                <![CDATA[Chrome]]>
              </value>
            </param>
          </params>
          <reporter-output>
          </reporter-output>
        </test-method> <!-- setup -->
        <test-method is-config="true" signature="setup()[pri:0, instance:testCases.TC013_RemoveProductFromMyWishlist@23348b5d]" started-at="2026-02-11T19:44:03 IST" name="setup" finished-at="2026-02-11T19:44:07 IST" duration-ms="4588" status="PASS">
          <reporter-output>
          </reporter-output>
        </test-method> <!-- setup -->
        <test-method signature="validateRemoveProductFromWishlistFunctionality()[pri:0, instance:testCases.TC013_RemoveProductFromMyWishlist@23348b5d]" started-at="2026-02-11T19:44:07 IST" name="validateRemoveProductFromWishlistFunctionality" finished-at="2026-02-11T19:44:09 IST" duration-ms="1725" status="PASS">
          <reporter-output>
          </reporter-output>
        </test-method> <!-- validateRemoveProductFromWishlistFunctionality -->
        <test-method is-config="true" signature="teardown()[pri:0, instance:testCases.TC013_RemoveProductFromMyWishlist@23348b5d]" started-at="2026-02-11T19:44:09 IST" name="teardown" finished-at="2026-02-11T19:44:10 IST" duration-ms="683" status="PASS">
          <reporter-output>
          </reporter-output>
        </test-method> <!-- teardown -->
        <test-method is-config="true" signature="tearDown()[pri:0, instance:testCases.TC013_RemoveProductFromMyWishlist@23348b5d]" started-at="2026-02-11T19:44:10 IST" name="tearDown" finished-at="2026-02-11T19:44:11 IST" duration-ms="741" status="PASS">
          <reporter-output>
          </reporter-output>
        </test-method> <!-- tearDown -->
      </class> <!-- testCases.TC013_RemoveProductFromMyWishlist -->
      <class name="testCases.TC007_CartTotalCalculationTest">
        <test-method is-config="true" signature="setup(java.lang.String,java.lang.String)[pri:0, instance:testCases.TC007_CartTotalCalculationTest@41a2befb]" started-at="2026-02-11T19:42:42 IST" name="setup" finished-at="2026-02-11T19:42:45 IST" duration-ms="2367" status="PASS">
          <params>
            <param index="0">
              <value>
                <![CDATA[Windows]]>
              </value>
            </param>
            <param index="1">
              <value>
                <![CDATA[Chrome]]>
              </value>
            </param>
          </params>
          <reporter-output>
          </reporter-output>
        </test-method> <!-- setup -->
        <test-method is-config="true" signature="applicationLogin()[pri:0, instance:testCases.TC007_CartTotalCalculationTest@41a2befb]" started-at="2026-02-11T19:42:45 IST" name="applicationLogin" finished-at="2026-02-11T19:42:50 IST" duration-ms="5448" status="PASS">
          <reporter-output>
          </reporter-output>
        </test-method> <!-- applicationLogin -->
        <test-method signature="verifyCartTotalCalculations()[pri:0, instance:testCases.TC007_CartTotalCalculationTest@41a2befb]" started-at="2026-02-11T19:42:50 IST" name="verifyCartTotalCalculations" finished-at="2026-02-11T19:42:51 IST" duration-ms="932" status="PASS">
          <reporter-output>
          </reporter-output>
        </test-method> <!-- verifyCartTotalCalculations -->
        <test-method is-config="true" signature="applicationTesrdown()[pri:0, instance:testCases.TC007_CartTotalCalculationTest@41a2befb]" started-at="2026-02-11T19:42:51 IST" name="applicationTesrdown" finished-at="2026-02-11T19:42:52 IST" duration-ms="589" status="PASS">
          <reporter-output>
          </reporter-output>
        </test-method> <!-- applicationTesrdown -->
        <test-method is-config="true" signature="tearDown()[pri:0, instance:testCases.TC007_CartTotalCalculationTest@41a2befb]" started-at="2026-02-11T19:42:52 IST" name="tearDown" finished-at="2026-02-11T19:42:52 IST" duration-ms="682" status="PASS">
          <reporter-output>
          </reporter-output>
        </test-method> <!-- tearDown -->
      </class> <!-- testCases.TC007_CartTotalCalculationTest -->
      <class name="testCases.TC006_UpdateCartTest">
        <test-method is-config="true" signature="setup(java.lang.String,java.lang.String)[pri:0, instance:testCases.TC006_UpdateCartTest@77f1baf5]" started-at="2026-02-11T19:42:30 IST" name="setup" finished-at="2026-02-11T19:42:34 IST" duration-ms="4288" status="PASS">
          <params>
            <param index="0">
              <value>
                <![CDATA[Windows]]>
              </value>
            </param>
            <param index="1">
              <value>
                <![CDATA[Chrome]]>
              </value>
            </param>
          </params>
          <reporter-output>
          </reporter-output>
        </test-method> <!-- setup -->
        <test-method is-config="true" signature="applicationSetup()[pri:0, instance:testCases.TC006_UpdateCartTest@77f1baf5]" started-at="2026-02-11T19:42:34 IST" name="applicationSetup" finished-at="2026-02-11T19:42:40 IST" duration-ms="5717" status="PASS">
          <reporter-output>
          </reporter-output>
        </test-method> <!-- applicationSetup -->
        <test-method signature="verifyUpdateCartFunctionality()[pri:0, instance:testCases.TC006_UpdateCartTest@77f1baf5]" started-at="2026-02-11T19:42:40 IST" name="verifyUpdateCartFunctionality" finished-at="2026-02-11T19:42:41 IST" duration-ms="775" status="PASS">
          <reporter-output>
          </reporter-output>
        </test-method> <!-- verifyUpdateCartFunctionality -->
        <test-method is-config="true" signature="applicationTeardown()[pri:0, instance:testCases.TC006_UpdateCartTest@77f1baf5]" started-at="2026-02-11T19:42:41 IST" name="applicationTeardown" finished-at="2026-02-11T19:42:42 IST" duration-ms="627" status="PASS">
          <reporter-output>
          </reporter-output>
        </test-method> <!-- applicationTeardown -->
        <test-method is-config="true" signature="tearDown()[pri:0, instance:testCases.TC006_UpdateCartTest@77f1baf5]" started-at="2026-02-11T19:42:42 IST" name="tearDown" finished-at="2026-02-11T19:42:42 IST" duration-ms="639" status="PASS">
          <reporter-output>
          </reporter-output>
        </test-method> <!-- tearDown -->
      </class> <!-- testCases.TC006_UpdateCartTest -->
      <class name="testCases.TC012_AddProductFromWishlistToCartTest">
        <test-method is-config="true" signature="setup(java.lang.String,java.lang.String)[pri:0, instance:testCases.TC012_AddProductFromWishlistToCartTest@2df3b89c]" started-at="2026-02-11T19:43:49 IST" name="setup" finished-at="2026-02-11T19:43:53 IST" duration-ms="3997" status="PASS">
          <params>
            <param index="0">
              <value>
                <![CDATA[Windows]]>
              </value>
            </param>
            <param index="1">
              <value>
                <![CDATA[Chrome]]>
              </value>
            </param>
          </params>
          <reporter-output>
          </reporter-output>
        </test-method> <!-- setup -->
        <test-method is-config="true" signature="setup()[pri:0, instance:testCases.TC012_AddProductFromWishlistToCartTest@2df3b89c]" started-at="2026-02-11T19:43:53 IST" name="setup" finished-at="2026-02-11T19:43:57 IST" duration-ms="4135" status="PASS">
          <reporter-output>
          </reporter-output>
        </test-method> <!-- setup -->
        <test-method signature="testAddProductToCartFromWishlistFunctionality()[pri:0, instance:testCases.TC012_AddProductFromWishlistToCartTest@2df3b89c]" started-at="2026-02-11T19:43:57 IST" name="testAddProductToCartFromWishlistFunctionality" finished-at="2026-02-11T19:43:59 IST" duration-ms="1415" status="PASS">
          <reporter-output>
          </reporter-output>
        </test-method> <!-- testAddProductToCartFromWishlistFunctionality -->
        <test-method is-config="true" signature="teardown()[pri:0, instance:testCases.TC012_AddProductFromWishlistToCartTest@2df3b89c]" started-at="2026-02-11T19:43:59 IST" name="teardown" finished-at="2026-02-11T19:43:59 IST" duration-ms="647" status="PASS">
          <reporter-output>
          </reporter-output>
        </test-method> <!-- teardown -->
        <test-method is-config="true" signature="tearDown()[pri:0, instance:testCases.TC012_AddProductFromWishlistToCartTest@2df3b89c]" started-at="2026-02-11T19:43:59 IST" name="tearDown" finished-at="2026-02-11T19:44:00 IST" duration-ms="811" status="PASS">
          <reporter-output>
          </reporter-output>
        </test-method> <!-- tearDown -->
      </class> <!-- testCases.TC012_AddProductFromWishlistToCartTest -->
      <class name="testCases.TC011_AddedProductValidationInWishlistTest">
        <test-method is-config="true" signature="setup(java.lang.String,java.lang.String)[pri:0, instance:testCases.TC011_AddedProductValidationInWishlistTest@38afe297]" started-at="2026-02-11T19:43:37 IST" name="setup" finished-at="2026-02-11T19:43:41 IST" duration-ms="3953" status="PASS">
          <params>
            <param index="0">
              <value>
                <![CDATA[Windows]]>
              </value>
            </param>
            <param index="1">
              <value>
                <![CDATA[Chrome]]>
              </value>
            </param>
          </params>
          <reporter-output>
          </reporter-output>
        </test-method> <!-- setup -->
        <test-method is-config="true" signature="setup()[pri:0, instance:testCases.TC011_AddedProductValidationInWishlistTest@38afe297]" started-at="2026-02-11T19:43:41 IST" name="setup" finished-at="2026-02-11T19:43:46 IST" duration-ms="4918" status="PASS">
          <reporter-output>
          </reporter-output>
        </test-method> <!-- setup -->
        <test-method signature="validateAddedProductInWishlist()[pri:0, instance:testCases.TC011_AddedProductValidationInWishlistTest@38afe297]" started-at="2026-02-11T19:43:46 IST" name="validateAddedProductInWishlist" finished-at="2026-02-11T19:43:47 IST" duration-ms="1529" status="PASS">
          <reporter-output>
          </reporter-output>
        </test-method> <!-- validateAddedProductInWishlist -->
        <test-method is-config="true" signature="teardown()[pri:0, instance:testCases.TC011_AddedProductValidationInWishlistTest@38afe297]" started-at="2026-02-11T19:43:47 IST" name="teardown" finished-at="2026-02-11T19:43:48 IST" duration-ms="693" status="PASS">
          <reporter-output>
          </reporter-output>
        </test-method> <!-- teardown -->
        <test-method is-config="true" signature="tearDown()[pri:0, instance:testCases.TC011_AddedProductValidationInWishlistTest@38afe297]" started-at="2026-02-11T19:43:48 IST" name="tearDown" finished-at="2026-02-11T19:43:49 IST" duration-ms="883" status="PASS">
          <reporter-output>
          </reporter-output>
        </test-method> <!-- tearDown -->
      </class> <!-- testCases.TC011_AddedProductValidationInWishlistTest -->
      <class name="testCases.TC001_AccountRegistrationTest">
        <test-method is-config="true" signature="setup(java.lang.String,java.lang.String)[pri:0, instance:testCases.TC001_AccountRegistrationTest@fa4c865]" started-at="2026-02-11T19:41:34 IST" name="setup" finished-at="2026-02-11T19:41:40 IST" duration-ms="5217" status="PASS">
          <params>
            <param index="0">
              <value>
                <![CDATA[Windows]]>
              </value>
            </param>
            <param index="1">
              <value>
                <![CDATA[Chrome]]>
              </value>
            </param>
          </params>
          <reporter-output>
          </reporter-output>
        </test-method> <!-- setup -->
        <test-method signature="verify_account_registration()[pri:0, instance:testCases.TC001_AccountRegistrationTest@fa4c865]" started-at="2026-02-11T19:41:40 IST" name="verify_account_registration" finished-at="2026-02-11T19:41:43 IST" duration-ms="3682" status="PASS">
          <reporter-output>
          </reporter-output>
        </test-method> <!-- verify_account_registration -->
        <test-method is-config="true" signature="tearDown()[pri:0, instance:testCases.TC001_AccountRegistrationTest@fa4c865]" started-at="2026-02-11T19:41:43 IST" name="tearDown" finished-at="2026-02-11T19:41:44 IST" duration-ms="858" status="PASS">
          <reporter-output>
          </reporter-output>
        </test-method> <!-- tearDown -->
      </class> <!-- testCases.TC001_AccountRegistrationTest -->
      <class name="testCases.TC016_CompareProductTest">
        <test-method is-config="true" signature="setup(java.lang.String,java.lang.String)[pri:0, instance:testCases.TC016_CompareProductTest@7c9d8e2]" started-at="2026-02-11T19:44:24 IST" name="setup" finished-at="2026-02-11T19:44:27 IST" duration-ms="2901" status="PASS">
          <params>
            <param index="0">
              <value>
                <![CDATA[Windows]]>
              </value>
            </param>
            <param index="1">
              <value>
                <![CDATA[Chrome]]>
              </value>
            </param>
          </params>
          <reporter-output>
          </reporter-output>
        </test-method> <!-- setup -->
        <test-method is-config="true" signature="setup()[pri:0, instance:testCases.TC016_CompareProductTest@7c9d8e2]" started-at="2026-02-11T19:44:27 IST" name="setup" finished-at="2026-02-11T19:44:31 IST" duration-ms="4477" status="PASS">
          <reporter-output>
          </reporter-output>
        </test-method> <!-- setup -->
        <test-method signature="testCompareProductfunctionality()[pri:0, instance:testCases.TC016_CompareProductTest@7c9d8e2]" started-at="2026-02-11T19:44:31 IST" name="testCompareProductfunctionality" finished-at="2026-02-11T19:44:32 IST" duration-ms="337" status="PASS">
          <reporter-output>
          </reporter-output>
        </test-method> <!-- testCompareProductfunctionality -->
        <test-method is-config="true" signature="tearDown()[pri:0, instance:testCases.TC016_CompareProductTest@7c9d8e2]" started-at="2026-02-11T19:44:32 IST" name="tearDown" finished-at="2026-02-11T19:44:32 IST" duration-ms="778" status="PASS">
          <reporter-output>
          </reporter-output>
        </test-method> <!-- tearDown -->
      </class> <!-- testCases.TC016_CompareProductTest -->
      <class name="testCases.TC005_AddToCartTest">
        <test-method is-config="true" signature="setup(java.lang.String,java.lang.String)[pri:0, instance:testCases.TC005_AddToCartTest@7d20d0b]" started-at="2026-02-11T19:41:58 IST" name="setup" finished-at="2026-02-11T19:42:01 IST" duration-ms="2689" status="PASS">
          <params>
            <param index="0">
              <value>
                <![CDATA[Windows]]>
              </value>
            </param>
            <param index="1">
              <value>
                <![CDATA[Chrome]]>
              </value>
            </param>
          </params>
          <reporter-output>
          </reporter-output>
        </test-method> <!-- setup -->
        <test-method is-config="true" signature="applicationSetUp()[pri:0, instance:testCases.TC005_AddToCartTest@7d20d0b]" started-at="2026-02-11T19:42:01 IST" name="applicationSetUp" finished-at="2026-02-11T19:42:06 IST" duration-ms="4386" status="PASS">
          <reporter-output>
          </reporter-output>
        </test-method> <!-- applicationSetUp -->
        <test-method signature="verifyAddToCartFunctionality()[pri:0, instance:testCases.TC005_AddToCartTest@7d20d0b]" started-at="2026-02-11T19:42:06 IST" name="verifyAddToCartFunctionality" finished-at="2026-02-11T19:42:28 IST" duration-ms="22881" status="FAIL">
          <exception class="org.openqa.selenium.TimeoutException">
            <message>
              <![CDATA[Expected condition failed: waiting for visibility of Proxy element for: DefaultElementLocator 'By.xpath: (//table[@class='table table-bordered']//tbody//tr//td[2])[5]' (tried for 10 second(s) with 500 milliseconds interval)]]>
            </message>
            <full-stacktrace>
              <![CDATA[org.openqa.selenium.TimeoutException: Expected condition failed: waiting for visibility of Proxy element for: DefaultElementLocator 'By.xpath: (//table[@class='table table-bordered']//tbody//tr//td[2])[5]' (tried for 10 second(s) with 500 milliseconds interval)
at org.openqa.selenium.support.ui.WebDriverWait.timeoutException(WebDriverWait.java:84)
at org.openqa.selenium.support.ui.FluentWait.until(FluentWait.java:228)
at pageObjects.AddToCartPage.getProductNameFromCart(AddToCartPage.java:60)
at testCases.TC005_AddToCartTest.verifyAddToCartFunctionality(TC005_AddToCartTest.java:51)
at java.base/jdk.internal.reflect.DirectMethodHandleAccessor.invoke(DirectMethodHandleAccessor.java:103)
at java.base/java.lang.reflect.Method.invoke(Method.java:580)
at org.testng.internal.invokers.MethodInvocationHelper.invokeMethod(MethodInvocationHelper.java:141)
at org.testng.internal.invokers.TestInvoker.invokeMethod(TestInvoker.java:687)
at org.testng.internal.invokers.TestInvoker.invokeTestMethod(TestInvoker.java:230)
at org.testng.internal.invokers.MethodRunner.runInSequence(MethodRunner.java:63)
at org.testng.internal.invokers.TestInvoker$MethodInvocationAgent.invoke(TestInvoker.java:995)
at org.testng.internal.invokers.TestInvoker.invokeTestMethods(TestInvoker.java:203)
at org.testng.internal.invokers.TestMethodWorker.invokeTestMethods(TestMethodWorker.java:154)
at org.testng.internal.invokers.TestMethodWorker.run(TestMethodWorker.java:134)
at java.base/java.util.ArrayList.forEach(ArrayList.java:1596)
at org.testng.TestRunner.privateRun(TestRunner.java:741)
at org.testng.TestRunner.run(TestRunner.java:616)
at org.testng.SuiteRunner.runTest(SuiteRunner.java:421)
at org.testng.SuiteRunner.runSequentially(SuiteRunner.java:413)
at org.testng.SuiteRunner.privateRun(SuiteRunner.java:373)
at org.testng.SuiteRunner.run(SuiteRunner.java:312)
at org.testng.SuiteRunnerWorker.runSuite(SuiteRunnerWorker.java:52)
at org.testng.SuiteRunnerWorker.run(SuiteRunnerWorker.java:95)
at org.testng.TestNG.runSuitesSequentially(TestNG.java:1274)
at org.testng.TestNG.runSuitesLocally(TestNG.java:1208)
at org.testng.TestNG.runSuites(TestNG.java:1112)
at org.testng.TestNG.run(TestNG.java:1079)
at org.testng.remote.AbstractRemoteTestNG.run(AbstractRemoteTestNG.java:115)
at org.testng.remote.RemoteTestNG.initAndRun(RemoteTestNG.java:293)
at org.testng.remote.RemoteTestNG.main(RemoteTestNG.java:91)
Caused by: org.openqa.selenium.NoSuchElementException: no such element: Unable to locate element: {"method":"xpath","selector":"(//table[@class='table table-bordered']//tbody//tr//td[2])[5]"}
  (Session info: chrome=144.0.7559.133)
For documentation on this error, please visit: https://www.selenium.dev/documentation/webdriver/troubleshooting/errors#nosuchelementexception
Build info: version: '4.38.0', revision: '6b412e825c*'
System info: os.name: 'Windows 11', os.arch: 'amd64', os.version: '10.0', java.version: '21.0.7'
Driver info: org.openqa.selenium.chrome.ChromeDriver
Command: [2a407dd65e2fcb615e2e62849285a174, findElement {using=xpath, value=(//table[@class='table table-bordered']//tbody//tr//td[2])[5]}]
Capabilities {acceptInsecureCerts: false, browserName: chrome, browserVersion: 144.0.7559.133, chrome: {chromedriverVersion: 144.0.7559.133 (7da823b1d59..., userDataDir: C:\Users\saura\AppData\Loca...}, fedcm:accounts: true, goog:chromeOptions: {debuggerAddress: localhost:51669}, goog:processID: 27740, networkConnectionEnabled: false, pageLoadStrategy: normal, platformName: windows, proxy: Proxy(), se:cdp: ws://localhost:51669/devtoo..., se:cdpVersion: 144.0.7559.133, setWindowRect: true, strictFileInteractability: false, timeouts: {implicit: 0, pageLoad: 300000, script: 30000}, unhandledPromptBehavior: dismiss and notify, webauthn:extension:credBlob: true, webauthn:extension:largeBlob: true, webauthn:extension:minPinLength: true, webauthn:extension:prf: true, webauthn:virtualAuthenticators: true}
Session ID: 2a407dd65e2fcb615e2e62849285a174
at java.base/jdk.internal.reflect.DirectConstructorHandleAccessor.newInstance(DirectConstructorHandleAccessor.java:62)
at java.base/java.lang.reflect.Constructor.newInstanceWithCaller(Constructor.java:502)
at java.base/java.lang.reflect.Constructor.newInstance(Constructor.java:486)
at org.openqa.selenium.remote.ErrorCodec.decode(ErrorCodec.java:167)
at org.openqa.selenium.remote.codec.w3c.W3CHttpResponseCodec.decode(W3CHttpResponseCodec.java:138)
at org.openqa.selenium.remote.codec.w3c.W3CHttpResponseCodec.decode(W3CHttpResponseCodec.java:50)
at org.openqa.selenium.remote.HttpCommandExecutor.execute(HttpCommandExecutor.java:215)
at org.openqa.selenium.remote.service.DriverCommandExecutor.invokeExecute(DriverCommandExecutor.java:216)
at org.openqa.selenium.remote.service.DriverCommandExecutor.execute(DriverCommandExecutor.java:174)
at org.openqa.selenium.remote.RemoteWebDriver.execute(RemoteWebDriver.java:557)
at org.openqa.selenium.remote.ElementLocation$ElementFinder$2.findElement(ElementLocation.java:165)
at org.openqa.selenium.remote.ElementLocation.findElement(ElementLocation.java:59)
at org.openqa.selenium.remote.RemoteWebDriver.findElement(RemoteWebDriver.java:380)
at org.openqa.selenium.remote.RemoteWebDriver.findElement(RemoteWebDriver.java:374)
at org.openqa.selenium.support.pagefactory.DefaultElementLocator.findElement(DefaultElementLocator.java:68)
at org.openqa.selenium.support.pagefactory.internal.LocatingElementHandler.invoke(LocatingElementHandler.java:38)
at jdk.proxy2/jdk.proxy2.$Proxy33.isDisplayed(Unknown Source)
at org.openqa.selenium.support.ui.ExpectedConditions.elementIfVisible(ExpectedConditions.java:308)
at org.openqa.selenium.support.ui.ExpectedConditions$10.apply(ExpectedConditions.java:294)
at org.openqa.selenium.support.ui.ExpectedConditions$10.apply(ExpectedConditions.java:291)
at org.openqa.selenium.support.ui.FluentWait.until(FluentWait.java:203)
... 28 more
]]>
            </full-stacktrace>
          </exception> <!-- org.openqa.selenium.TimeoutException -->
          <reporter-output>
          </reporter-output>
        </test-method> <!-- verifyAddToCartFunctionality -->
        <test-method is-config="true" signature="applicationLogout()[pri:0, instance:testCases.TC005_AddToCartTest@7d20d0b]" started-at="2026-02-11T19:42:29 IST" name="applicationLogout" finished-at="2026-02-11T19:42:29 IST" duration-ms="684" status="PASS">
          <reporter-output>
          </reporter-output>
        </test-method> <!-- applicationLogout -->
        <test-method is-config="true" signature="tearDown()[pri:0, instance:testCases.TC005_AddToCartTest@7d20d0b]" started-at="2026-02-11T19:42:29 IST" name="tearDown" finished-at="2026-02-11T19:42:30 IST" duration-ms="811" status="PASS">
          <reporter-output>
          </reporter-output>
        </test-method> <!-- tearDown -->
      </class> <!-- testCases.TC005_AddToCartTest -->
      <class name="testCases.TC009_EmptyCartTest">
        <test-method is-config="true" signature="setup(java.lang.String,java.lang.String)[pri:0, instance:testCases.TC009_EmptyCartTest@131ef10]" started-at="2026-02-11T19:43:12 IST" name="setup" finished-at="2026-02-11T19:43:15 IST" duration-ms="2850" status="PASS">
          <params>
            <param index="0">
              <value>
                <![CDATA[Windows]]>
              </value>
            </param>
            <param index="1">
              <value>
                <![CDATA[Chrome]]>
              </value>
            </param>
          </params>
          <reporter-output>
          </reporter-output>
        </test-method> <!-- setup -->
        <test-method is-config="true" signature="setup()[pri:0, instance:testCases.TC009_EmptyCartTest@131ef10]" started-at="2026-02-11T19:43:15 IST" name="setup" finished-at="2026-02-11T19:43:17 IST" duration-ms="1564" status="PASS">
          <reporter-output>
          </reporter-output>
        </test-method> <!-- setup -->
        <test-method signature="verifyEmptyCartyFunctionality()[pri:0, instance:testCases.TC009_EmptyCartTest@131ef10]" started-at="2026-02-11T19:43:17 IST" name="verifyEmptyCartyFunctionality" finished-at="2026-02-11T19:43:18 IST" duration-ms="1208" status="PASS">
          <reporter-output>
          </reporter-output>
        </test-method> <!-- verifyEmptyCartyFunctionality -->
        <test-method is-config="true" signature="teardown()[pri:0, instance:testCases.TC009_EmptyCartTest@131ef10]" started-at="2026-02-11T19:43:18 IST" name="teardown" finished-at="2026-02-11T19:43:19 IST" duration-ms="654" status="PASS">
          <reporter-output>
          </reporter-output>
        </test-method> <!-- teardown -->
        <test-method is-config="true" signature="tearDown()[pri:0, instance:testCases.TC009_EmptyCartTest@131ef10]" started-at="2026-02-11T19:43:19 IST" name="tearDown" finished-at="2026-02-11T19:43:19 IST" duration-ms="697" status="PASS">
          <reporter-output>
          </reporter-output>
        </test-method> <!-- tearDown -->
      </class> <!-- testCases.TC009_EmptyCartTest -->
    </test> <!-- Test -->
  </suite> <!-- Master Suite -->
</testng-results>
