<?xml version="1.0" encoding="UTF-8"?>
<!-- Generated by org.testng.reporters.JUnitReportReporter -->
<testsuite hostname="ZAYN" failures="0" tests="5" name="testCases.TC003_LoginDDT" time="39.238" errors="0" timestamp="2025-11-30T19:43:56 IST" skipped="0">
  <testcase classname="testCases.TC003_LoginDDT" name="verify_loginDDT" time="10.926"/>
  <testcase classname="testCases.TC003_LoginDDT" name="verify_loginDDT" time="2.909"/>
  <testcase classname="testCases.TC003_LoginDDT" name="verify_loginDDT" time="2.462"/>
  <testcase classname="testCases.TC003_LoginDDT" name="verify_loginDDT" time="10.936"/>
  <testcase classname="testCases.TC003_LoginDDT" name="verify_loginDDT" time="12.005"/>
</testsuite> <!-- testCases.TC003_LoginDDT -->
